<?xml version="1.0" encoding="UTF-8" standalone="no"?>
<fileLog>
<createdFiles>
<entry name="examples\xml\liquibase.sqlplus.conf" shared="false" uninstallMode="0"/>
<entry name="jre\legal\java.desktop\colorimaging.md" shared="false" uninstallMode="3"/>
<entry name="licenses\cddl1.txt" shared="false" uninstallMode="0"/>
<entry name="jre\legal\java.base\c-libutl.md" shared="false" uninstallMode="3"/>
<entry name="jre\conf\management\jmxremote.password.template" shared="false" uninstallMode="3"/>
<entry name="jre\legal\jdk.security.jgss\ADDITIONAL_LICENSE_INFO" shared="false" uninstallMode="3"/>
<entry name="jre\legal\jdk.naming.ldap\ADDITIONAL_LICENSE_INFO" shared="false" uninstallMode="3"/>
<entry name="jre\legal\java.se\LICENSE" shared="false" uninstallMode="3"/>
<entry name="jre\legal\jdk.internal.vm.compiler.management\ADDITIONAL_LICENSE_INFO" shared="false" uninstallMode="3"/>
<entry name="jre\legal\java.base\ADDITIONAL_LICENSE_INFO" shared="false" uninstallMode="3"/>
<entry name=".install4j\i4j_extf_2_11stg7i_18gg8kx@2x.png" shared="false" uninstallMode="2"/>
<entry name="jre\legal\jdk.security.jgss\LICENSE" shared="false" uninstallMode="3"/>
<entry name="jre\bin\api-ms-win-core-string-l1-1-0.dll" shared="false" uninstallMode="3"/>
<entry name="jre\legal\java.xml\LICENSE" shared="false" uninstallMode="3"/>
<entry name="licenses\plexus.txt" shared="false" uninstallMode="0"/>
<entry name="jre\conf\security\policy\limited\default_local.policy" shared="false" uninstallMode="3"/>
<entry name="jre\bin\api-ms-win-core-memory-l1-1-0.dll" shared="false" uninstallMode="3"/>
<entry name="jre\legal\jdk.internal.le\LICENSE" shared="false" uninstallMode="3"/>
<entry name="jre\bin\ucrtbase.dll" shared="false" uninstallMode="3"/>
<entry name="jre\legal\jdk.aot\ASSEMBLY_EXCEPTION" shared="false" uninstallMode="3"/>
<entry name="jre\legal\java.desktop\libpng.md" shared="false" uninstallMode="3"/>
<entry name=".install4j\autoUninstall.1" shared="false" uninstallMode="0"/>
<entry name=".install4j\installation.log" shared="false" uninstallMode="0"/>
<entry name="jre\legal\jdk.crypto.mscapi\ADDITIONAL_LICENSE_INFO" shared="false" uninstallMode="3"/>
<entry name="jre\legal\java.sql\ADDITIONAL_LICENSE_INFO" shared="false" uninstallMode="3"/>
<entry name="jre\legal\java.rmi\LICENSE" shared="false" uninstallMode="3"/>
<entry name="examples\start-h2.bat" shared="false" uninstallMode="0"/>
<entry name="jre\legal\jdk.scripting.nashorn\ASSEMBLY_EXCEPTION" shared="false" uninstallMode="3"/>
<entry name="jre\bin\jabswitch.exe" shared="false" uninstallMode="3"/>
<entry name="jre\legal\java.desktop\ASSEMBLY_EXCEPTION" shared="false" uninstallMode="3"/>
<entry name="jre\legal\jdk.crypto.cryptoki\pkcs11wrapper.md" shared="false" uninstallMode="3"/>
<entry name="jre\legal\jdk.dynalink\dynalink.md" shared="false" uninstallMode="3"/>
<entry name="jre\legal\java.datatransfer\LICENSE" shared="false" uninstallMode="3"/>
<entry name="jre\legal\java.se\ASSEMBLY_EXCEPTION" shared="false" uninstallMode="3"/>
<entry name="jre\legal\jdk.pack\ADDITIONAL_LICENSE_INFO" shared="false" uninstallMode="3"/>
<entry name="licenses\Liquibase Pro EULA Software License Subscription and Support Agreement.txt" shared="false" uninstallMode="0"/>
<entry name="jre\legal\jdk.charsets\ASSEMBLY_EXCEPTION" shared="false" uninstallMode="3"/>
<entry name="jre\legal\jdk.jdwp.agent\ADDITIONAL_LICENSE_INFO" shared="false" uninstallMode="3"/>
<entry name="jre\lib\fontconfig.properties.src" shared="false" uninstallMode="3"/>
<entry name="jre\legal\jdk.accessibility\ADDITIONAL_LICENSE_INFO" shared="false" uninstallMode="3"/>
<entry name="jre\conf\security\java.policy" shared="false" uninstallMode="3"/>
<entry name="jre\lib\i386\client\classes.jsa" shared="false" uninstallMode="0"/>
<entry name="jre\bin\le.dll" shared="false" uninstallMode="3"/>
<entry name="jre\legal\java.management\ASSEMBLY_EXCEPTION" shared="false" uninstallMode="3"/>
<entry name="jre\legal\jdk.crypto.cryptoki\LICENSE" shared="false" uninstallMode="3"/>
<entry name="jre\conf\management\management.properties" shared="false" uninstallMode="3"/>
<entry name="jre\legal\java.logging\LICENSE" shared="false" uninstallMode="3"/>
<entry name="jre\bin\jimage.dll" shared="false" uninstallMode="3"/>
<entry name="jre\legal\jdk.internal.ed\ADDITIONAL_LICENSE_INFO" shared="false" uninstallMode="3"/>
<entry name="jre\bin\jaotc.exe" shared="false" uninstallMode="3"/>
<entry name="examples\start-h2" shared="false" uninstallMode="0"/>
<entry name="jre\bin\api-ms-win-crt-conio-l1-1-0.dll" shared="false" uninstallMode="3"/>
<entry name="jre\lib\security\public_suffix_list.dat" shared="false" uninstallMode="3"/>
<entry name="jre\bin\instrument.dll" shared="false" uninstallMode="3"/>
<entry name="jre\bin\api-ms-win-core-synch-l1-1-0.dll" shared="false" uninstallMode="3"/>
<entry name="jre\legal\jdk.xml.dom\LICENSE" shared="false" uninstallMode="3"/>
<entry name="jre\legal\java.scripting\ADDITIONAL_LICENSE_INFO" shared="false" uninstallMode="3"/>
<entry name="jre\legal\java.security.sasl\ASSEMBLY_EXCEPTION" shared="false" uninstallMode="3"/>
<entry name="jre\legal\jdk.security.auth\LICENSE" shared="false" uninstallMode="3"/>
<entry name="jre\legal\jdk.security.auth\ASSEMBLY_EXCEPTION" shared="false" uninstallMode="3"/>
<entry name="jre\legal\jdk.internal.vm.ci\ASSEMBLY_EXCEPTION" shared="false" uninstallMode="3"/>
<entry name="jre\legal\jdk.jfr\LICENSE" shared="false" uninstallMode="3"/>
<entry name="jre\legal\jdk.jsobject\LICENSE" shared="false" uninstallMode="3"/>
<entry name="jre\bin\zip.dll" shared="false" uninstallMode="3"/>
<entry name="jre\legal\java.smartcardio\ASSEMBLY_EXCEPTION" shared="false" uninstallMode="3"/>
<entry name="ABOUT.txt" shared="false" uninstallMode="0"/>
<entry name="jre\bin\api-ms-win-crt-private-l1-1-0.dll" shared="false" uninstallMode="3"/>
<entry name="jre\legal\jdk.naming.ldap\ASSEMBLY_EXCEPTION" shared="false" uninstallMode="3"/>
<entry name="jre\legal\jdk.unsupported\ASSEMBLY_EXCEPTION" shared="false" uninstallMode="3"/>
<entry name="jre\legal\java.net.http\LICENSE" shared="false" uninstallMode="3"/>
<entry name="jre\lib\security\blacklisted.certs" shared="false" uninstallMode="3"/>
<entry name="jre\legal\java.naming\ADDITIONAL_LICENSE_INFO" shared="false" uninstallMode="3"/>
<entry name="jre\bin\javaw.exe" shared="false" uninstallMode="3"/>
<entry name="jre\legal\java.desktop\jpeg.md" shared="false" uninstallMode="3"/>
<entry name="jre\legal\jdk.internal.le\ADDITIONAL_LICENSE_INFO" shared="false" uninstallMode="3"/>
<entry name="jre\legal\java.desktop\LICENSE" shared="false" uninstallMode="3"/>
<entry name="jre\legal\jdk.net\LICENSE" shared="false" uninstallMode="3"/>
<entry name="jre\bin\mlib_image.dll" shared="false" uninstallMode="3"/>
<entry name="jre\legal\java.desktop\giflib.md" shared="false" uninstallMode="3"/>
<entry name="jre\legal\java.xml\ASSEMBLY_EXCEPTION" shared="false" uninstallMode="3"/>
<entry name=".install4j\response.varfile" shared="false" uninstallMode="0"/>
<entry name="jre\lib\security\default.policy" shared="false" uninstallMode="3"/>
<entry name="jre\legal\jdk.naming.rmi\ADDITIONAL_LICENSE_INFO" shared="false" uninstallMode="3"/>
<entry name="jre\bin\api-ms-win-crt-string-l1-1-0.dll" shared="false" uninstallMode="3"/>
<entry name="jre\legal\java.scripting\LICENSE" shared="false" uninstallMode="3"/>
<entry name="jre\legal\jdk.internal.ed\ASSEMBLY_EXCEPTION" shared="false" uninstallMode="3"/>
<entry name="jre\legal\jdk.jfr\ASSEMBLY_EXCEPTION" shared="false" uninstallMode="3"/>
<entry name="jre\lib\jfr\default.jfc" shared="false" uninstallMode="3"/>
<entry name="jre\bin\api-ms-win-core-timezone-l1-1-0.dll" shared="false" uninstallMode="3"/>
<entry name="liquibase.bat" shared="false" uninstallMode="0"/>
<entry name=".install4j\i4jruntime.jar" shared="false" uninstallMode="2"/>
<entry name="jre\bin\windowsaccessbridge-64.dll" shared="false" uninstallMode="3"/>
<entry name="jre\conf\security\java.security" shared="false" uninstallMode="3"/>
<entry name="jre\legal\jdk.crypto.ec\ADDITIONAL_LICENSE_INFO" shared="false" uninstallMode="3"/>
<entry name="jre\legal\jdk.jsobject\ADDITIONAL_LICENSE_INFO" shared="false" uninstallMode="3"/>
<entry name="jre\legal\jdk.management.agent\ADDITIONAL_LICENSE_INFO" shared="false" uninstallMode="3"/>
<entry name="jre\legal\java.security.sasl\LICENSE" shared="false" uninstallMode="3"/>
<entry name=".install4j\stats.properties" shared="false" uninstallMode="2"/>
<entry name="jre\bin\fontmanager.dll" shared="false" uninstallMode="3"/>
<entry name="jre\legal\java.management\ADDITIONAL_LICENSE_INFO" shared="false" uninstallMode="3"/>
<entry name=".install4j\installer.ico" shared="false" uninstallMode="2"/>
<entry name="jre\legal\java.smartcardio\LICENSE" shared="false" uninstallMode="3"/>
<entry name="jre\legal\jdk.httpserver\LICENSE" shared="false" uninstallMode="3"/>
<entry name="jre\legal\jdk.sctp\ADDITIONAL_LICENSE_INFO" shared="false" uninstallMode="3"/>
<entry name="jre\legal\java.instrument\ASSEMBLY_EXCEPTION" shared="false" uninstallMode="3"/>
<entry name="jre\conf\security\policy\limited\exempt_local.policy" shared="false" uninstallMode="3"/>
<entry name="jre\legal\jdk.sctp\ASSEMBLY_EXCEPTION" shared="false" uninstallMode="3"/>
<entry name="jre\legal\java.sql\LICENSE" shared="false" uninstallMode="3"/>
<entry name="jre\legal\java.sql.rowset\LICENSE" shared="false" uninstallMode="3"/>
<entry name="jre\legal\java.logging\ASSEMBLY_EXCEPTION" shared="false" uninstallMode="3"/>
<entry name="jre\bin\j2pcsc.dll" shared="false" uninstallMode="3"/>
<entry name="jre\bin\javajpeg.dll" shared="false" uninstallMode="3"/>
<entry name="jre\bin\api-ms-win-core-localization-l1-2-0.dll" shared="false" uninstallMode="3"/>
<entry name="jre\legal\java.naming\LICENSE" shared="false" uninstallMode="3"/>
<entry name="licenses\mit.txt" shared="false" uninstallMode="0"/>
<entry name="jre\bin\sunec.dll" shared="false" uninstallMode="3"/>
<entry name="jre\bin\api-ms-win-core-debug-l1-1-0.dll" shared="false" uninstallMode="3"/>
<entry name="jre\legal\java.xml.crypto\ADDITIONAL_LICENSE_INFO" shared="false" uninstallMode="3"/>
<entry name="jre\bin\javaaccessbridge.dll" shared="false" uninstallMode="3"/>
<entry name="licenses\epl-1.0.txt" shared="false" uninstallMode="0"/>
<entry name="jre\lib\security\cacerts" shared="false" uninstallMode="3"/>
<entry name="jre\bin\api-ms-win-crt-environment-l1-1-0.dll" shared="false" uninstallMode="3"/>
<entry name="jre\legal\jdk.internal.vm.ci\LICENSE" shared="false" uninstallMode="3"/>
<entry name="jre\bin\jjs.exe" shared="false" uninstallMode="3"/>
<entry name="jre\legal\jdk.localedata\ADDITIONAL_LICENSE_INFO" shared="false" uninstallMode="3"/>
<entry name="jre\legal\java.base\LICENSE" shared="false" uninstallMode="3"/>
<entry name="jre\bin\api-ms-win-crt-heap-l1-1-0.dll" shared="false" uninstallMode="3"/>
<entry name="jre\bin\api-ms-win-core-errorhandling-l1-1-0.dll" shared="false" uninstallMode="3"/>
<entry name="jre\legal\java.desktop\mesa3d.md" shared="false" uninstallMode="3"/>
<entry name="jre\legal\jdk.zipfs\LICENSE" shared="false" uninstallMode="3"/>
<entry name=".install4j\inst_jre.cfg" shared="false" uninstallMode="0"/>
<entry name="jre\legal\jdk.pack\LICENSE" shared="false" uninstallMode="3"/>
<entry name="jre\lib\fontconfig.bfc" shared="false" uninstallMode="3"/>
<entry name="jre\legal\java.base\ASSEMBLY_EXCEPTION" shared="false" uninstallMode="3"/>
<entry name="jre\bin\pack200.exe" shared="false" uninstallMode="3"/>
<entry name="jre\legal\jdk.localedata\ASSEMBLY_EXCEPTION" shared="false" uninstallMode="3"/>
<entry name="jre\legal\jdk.internal.vm.compiler\ADDITIONAL_LICENSE_INFO" shared="false" uninstallMode="3"/>
<entry name="examples\xml\sample.changelog.xml" shared="false" uninstallMode="0"/>
<entry name="jre\lib\i386\server\classes.jsa" shared="false" uninstallMode="0"/>
<entry name="jre\legal\java.desktop\harfbuzz.md" shared="false" uninstallMode="3"/>
<entry name="jre\lib\jvm.lib" shared="false" uninstallMode="3"/>
<entry name="jre\legal\jdk.naming.rmi\LICENSE" shared="false" uninstallMode="3"/>
<entry name="jre\lib\jrt-fs.jar" shared="false" uninstallMode="3"/>
<entry name="jre\legal\java.datatransfer\ASSEMBLY_EXCEPTION" shared="false" uninstallMode="3"/>
<entry name="jre\legal\java.base\asm.md" shared="false" uninstallMode="3"/>
<entry name=".install4j\i4jdel.exe" shared="false" uninstallMode="0"/>
<entry name="jre\bin\api-ms-win-core-file-l2-1-0.dll" shared="false" uninstallMode="3"/>
<entry name="jre\bin\verify.dll" shared="false" uninstallMode="3"/>
<entry name="jre\conf\security\policy\README.txt" shared="false" uninstallMode="3"/>
<entry name="jre\legal\java.prefs\LICENSE" shared="false" uninstallMode="3"/>
<entry name="jre\bin\api-ms-win-core-processthreads-l1-1-1.dll" shared="false" uninstallMode="3"/>
<entry name="jre\legal\jdk.accessibility\LICENSE" shared="false" uninstallMode="3"/>
<entry name="jre\legal\java.rmi\ASSEMBLY_EXCEPTION" shared="false" uninstallMode="3"/>
<entry name="jre\bin\management_ext.dll" shared="false" uninstallMode="3"/>
<entry name="jre\legal\jdk.crypto.mscapi\ASSEMBLY_EXCEPTION" shared="false" uninstallMode="3"/>
<entry name="jre\bin\api-ms-win-core-processthreads-l1-1-0.dll" shared="false" uninstallMode="3"/>
<entry name="jre\bin\api-ms-win-core-util-l1-1-0.dll" shared="false" uninstallMode="3"/>
<entry name="jre\legal\jdk.management\ASSEMBLY_EXCEPTION" shared="false" uninstallMode="3"/>
<entry name="jre\legal\jdk.localedata\cldr.md" shared="false" uninstallMode="3"/>
<entry name="jre\legal\java.base\zlib.md" shared="false" uninstallMode="3"/>
<entry name="jre\lib\amd64\client\classes.jsa" shared="false" uninstallMode="0"/>
<entry name="examples\sql\blankchangelog.h2.sql" shared="false" uninstallMode="0"/>
<entry name="jre\legal\jdk.xml.dom\ADDITIONAL_LICENSE_INFO" shared="false" uninstallMode="3"/>
<entry name="jre\legal\jdk.charsets\LICENSE" shared="false" uninstallMode="3"/>
<entry name="README.txt" shared="false" uninstallMode="0"/>
<entry name=".install4j\i4jparams.conf" shared="false" uninstallMode="2"/>
<entry name="jre\bin\jaccesswalker.exe" shared="false" uninstallMode="3"/>
<entry name="licenses\cpl-1.0.txt" shared="false" uninstallMode="0"/>
<entry name="jre\legal\java.datatransfer\ADDITIONAL_LICENSE_INFO" shared="false" uninstallMode="3"/>
<entry name="jre\legal\java.xml\dom.md" shared="false" uninstallMode="3"/>
<entry name="examples\xml\liquibase.properties" shared="false" uninstallMode="0"/>
<entry name="jre\legal\java.scripting\ASSEMBLY_EXCEPTION" shared="false" uninstallMode="3"/>
<entry name="jre\legal\jdk.internal.vm.compiler.management\ASSEMBLY_EXCEPTION" shared="false" uninstallMode="3"/>
<entry name=".install4j\i4jinst.dll" shared="false" uninstallMode="0"/>
<entry name="jre\conf\sound.properties" shared="false" uninstallMode="3"/>
<entry name="changelog.txt" shared="false" uninstallMode="0"/>
<entry name="lib\liquibase_autocomplete_mac.bash" shared="false" uninstallMode="0"/>
<entry name="jre\legal\jdk.charsets\ADDITIONAL_LICENSE_INFO" shared="false" uninstallMode="3"/>
<entry name="jre\bin\jfr.exe" shared="false" uninstallMode="3"/>
<entry name="jre\bin\rmi.dll" shared="false" uninstallMode="3"/>
<entry name="jre\legal\jdk.crypto.ec\ASSEMBLY_EXCEPTION" shared="false" uninstallMode="3"/>
<entry name="jre\legal\jdk.zipfs\ADDITIONAL_LICENSE_INFO" shared="false" uninstallMode="3"/>
<entry name="jre\legal\java.transaction.xa\ADDITIONAL_LICENSE_INFO" shared="false" uninstallMode="3"/>
<entry name="jre\bin\api-ms-win-core-file-l1-2-0.dll" shared="false" uninstallMode="3"/>
<entry name="jre\legal\jdk.jdwp.agent\ASSEMBLY_EXCEPTION" shared="false" uninstallMode="3"/>
<entry name="jre\bin\jsound.dll" shared="false" uninstallMode="3"/>
<entry name="jre\lib\server\Xusage.txt" shared="false" uninstallMode="3"/>
<entry name="jre\legal\jdk.net\ASSEMBLY_EXCEPTION" shared="false" uninstallMode="3"/>
<entry name="licenses\README.txt" shared="false" uninstallMode="0"/>
<entry name="jre\conf\security\policy\limited\default_US_export.policy" shared="false" uninstallMode="3"/>
<entry name="jre\bin\server\jvm.dll" shared="false" uninstallMode="3"/>
<entry name="licenses\apache-2.0.txt" shared="false" uninstallMode="0"/>
<entry name="jre\bin\api-ms-win-crt-filesystem-l1-1-0.dll" shared="false" uninstallMode="3"/>
<entry name="jre\legal\jdk.scripting.nashorn\LICENSE" shared="false" uninstallMode="3"/>
<entry name="jre\legal\java.management.rmi\ADDITIONAL_LICENSE_INFO" shared="false" uninstallMode="3"/>
<entry name="jre\bin\api-ms-win-core-rtlsupport-l1-1-0.dll" shared="false" uninstallMode="3"/>
<entry name="jre\legal\jdk.internal.le\ASSEMBLY_EXCEPTION" shared="false" uninstallMode="3"/>
<entry name="jre\bin\awt.dll" shared="false" uninstallMode="3"/>
<entry name="jre\bin\api-ms-win-core-interlocked-l1-1-0.dll" shared="false" uninstallMode="3"/>
<entry name="jre\legal\java.sql\ASSEMBLY_EXCEPTION" shared="false" uninstallMode="3"/>
<entry name="jre\legal\jdk.localedata\thaidict.md" shared="false" uninstallMode="3"/>
<entry name="jre\bin\api-ms-win-crt-utility-l1-1-0.dll" shared="false" uninstallMode="3"/>
<entry name="jre\legal\jdk.crypto.cryptoki\pkcs11cryptotoken.md" shared="false" uninstallMode="3"/>
<entry name="jre\legal\java.xml.crypto\LICENSE" shared="false" uninstallMode="3"/>
<entry name="jre\legal\jdk.naming.dns\LICENSE" shared="false" uninstallMode="3"/>
<entry name="jre\legal\jdk.sctp\LICENSE" shared="false" uninstallMode="3"/>
<entry name="jre\legal\java.naming\ASSEMBLY_EXCEPTION" shared="false" uninstallMode="3"/>
<entry name="jre\legal\jdk.naming.ldap\LICENSE" shared="false" uninstallMode="3"/>
<entry name="jre\bin\server\classes.jsa" shared="false" uninstallMode="0"/>
<entry name="jre\legal\java.desktop\ADDITIONAL_LICENSE_INFO" shared="false" uninstallMode="3"/>
<entry name="jre\legal\jdk.security.jgss\ASSEMBLY_EXCEPTION" shared="false" uninstallMode="3"/>
<entry name="jre\bin\management_agent.dll" shared="false" uninstallMode="3"/>
<entry name="jre\bin\api-ms-win-crt-locale-l1-1-0.dll" shared="false" uninstallMode="3"/>
<entry name="jre\legal\jdk.scripting.nashorn\double-conversion.md" shared="false" uninstallMode="3"/>
<entry name="jre\bin\java.exe" shared="false" uninstallMode="3"/>
<entry name="jre\bin\lcms.dll" shared="false" uninstallMode="3"/>
<entry name="jre\legal\java.smartcardio\ADDITIONAL_LICENSE_INFO" shared="false" uninstallMode="3"/>
<entry name="jre\bin\api-ms-win-crt-multibyte-l1-1-0.dll" shared="false" uninstallMode="3"/>
<entry name="jre\legal\java.xml\xerces.md" shared="false" uninstallMode="3"/>
<entry name="lib\commons-cli-1.4.jar" shared="false" uninstallMode="0"/>
<entry name="jre\conf\net.properties" shared="false" uninstallMode="3"/>
<entry name="lib\jaxb-api-2.3.0.jar" shared="false" uninstallMode="0"/>
<entry name="jre\legal\java.base\cldr.md" shared="false" uninstallMode="3"/>
<entry name="jre\legal\jdk.zipfs\ASSEMBLY_EXCEPTION" shared="false" uninstallMode="3"/>
<entry name="jre\lib\client\Xusage.txt" shared="false" uninstallMode="3"/>
<entry name="jre\bin\api-ms-win-core-file-l1-1-0.dll" shared="false" uninstallMode="3"/>
<entry name="jre\legal\jdk.management.jfr\LICENSE" shared="false" uninstallMode="3"/>
<entry name="UNINSTALL.txt" shared="false" uninstallMode="0"/>
<entry name="jre\bin\client\classes.jsa" shared="false" uninstallMode="0"/>
<entry name="jre\legal\jdk.crypto.mscapi\LICENSE" shared="false" uninstallMode="3"/>
<entry name="examples\xml\blank.changelog.xml" shared="false" uninstallMode="0"/>
<entry name="lib\h2-1.4.200.jar" shared="false" uninstallMode="0"/>
<entry name="jre\conf\management\jmxremote.access" shared="false" uninstallMode="3"/>
<entry name=".install4j\i4j_extf_2_11stg7i_18gg8kx.png" shared="false" uninstallMode="2"/>
<entry name="jre\legal\jdk.internal.le\jline.md" shared="false" uninstallMode="3"/>
<entry name="jre\release" shared="false" uninstallMode="3"/>
<entry name="jre\legal\jdk.scripting.nashorn.shell\ASSEMBLY_EXCEPTION" shared="false" uninstallMode="3"/>
<entry name="jre\legal\jdk.localedata\LICENSE" shared="false" uninstallMode="3"/>
<entry name="jre\legal\jdk.net\ADDITIONAL_LICENSE_INFO" shared="false" uninstallMode="3"/>
<entry name="jre\legal\jdk.jfr\ADDITIONAL_LICENSE_INFO" shared="false" uninstallMode="3"/>
<entry name="jre\lib\amd64\server\classes.jsa" shared="false" uninstallMode="0"/>
<entry name="jre\legal\jdk.management.agent\LICENSE" shared="false" uninstallMode="3"/>
<entry name="jre\legal\java.base\icu.md" shared="false" uninstallMode="3"/>
<entry name="jre\legal\java.security.sasl\ADDITIONAL_LICENSE_INFO" shared="false" uninstallMode="3"/>
<entry name="jre\legal\jdk.aot\ADDITIONAL_LICENSE_INFO" shared="false" uninstallMode="3"/>
<entry name="jre\legal\java.security.jgss\ASSEMBLY_EXCEPTION" shared="false" uninstallMode="3"/>
<entry name="jre\legal\jdk.scripting.nashorn.shell\LICENSE" shared="false" uninstallMode="3"/>
<entry name="jre\bin\rmid.exe" shared="false" uninstallMode="3"/>
<entry name="uninstall.exe" shared="false" uninstallMode="0"/>
<entry name="jre\legal\jdk.aot\LICENSE" shared="false" uninstallMode="3"/>
<entry name=".install4j\i4j_extf_1_11stg7i.properties" shared="false" uninstallMode="2"/>
<entry name="jre\bin\api-ms-win-core-libraryloader-l1-1-0.dll" shared="false" uninstallMode="3"/>
<entry name="jre\bin\nio.dll" shared="false" uninstallMode="3"/>
<entry name="jre\bin\dt_socket.dll" shared="false" uninstallMode="3"/>
<entry name="jre\bin\sunmscapi.dll" shared="false" uninstallMode="3"/>
<entry name="jre\bin\splashscreen.dll" shared="false" uninstallMode="3"/>
<entry name="jre\legal\jdk.internal.ed\LICENSE" shared="false" uninstallMode="3"/>
<entry name="jre\legal\jdk.crypto.cryptoki\ADDITIONAL_LICENSE_INFO" shared="false" uninstallMode="3"/>
<entry name="jre\legal\jdk.scripting.nashorn.shell\ADDITIONAL_LICENSE_INFO" shared="false" uninstallMode="3"/>
<entry name="jre\legal\jdk.security.auth\ADDITIONAL_LICENSE_INFO" shared="false" uninstallMode="3"/>
<entry name="jre\bin\api-ms-win-crt-convert-l1-1-0.dll" shared="false" uninstallMode="3"/>
<entry name="jre\bin\freetype.dll" shared="false" uninstallMode="3"/>
<entry name="jre\legal\java.compiler\ADDITIONAL_LICENSE_INFO" shared="false" uninstallMode="3"/>
<entry name="jre\bin\api-ms-win-core-namedpipe-l1-1-0.dll" shared="false" uninstallMode="3"/>
<entry name="jre\bin\j2gss.dll" shared="false" uninstallMode="3"/>
<entry name="jre\bin\net.dll" shared="false" uninstallMode="3"/>
<entry name="jre\legal\java.sql.rowset\ASSEMBLY_EXCEPTION" shared="false" uninstallMode="3"/>
<entry name="C:\ProgramData\Microsoft\Windows\Start Menu\Programs\Liquibase\Liquibase Home Directory.lnk" shared="false" uninstallMode="2"/>
<entry name="jre\legal\java.xml\ADDITIONAL_LICENSE_INFO" shared="false" uninstallMode="3"/>
<entry name="jre\legal\java.se\ADDITIONAL_LICENSE_INFO" shared="false" uninstallMode="3"/>
<entry name="jre\legal\java.xml\xalan.md" shared="false" uninstallMode="3"/>
<entry name="jre\lib\psfontj2d.properties" shared="false" uninstallMode="3"/>
<entry name="jre\bin\api-ms-win-core-console-l1-1-0.dll" shared="false" uninstallMode="3"/>
<entry name="jre\conf\logging.properties" shared="false" uninstallMode="3"/>
<entry name="jre\lib\classlist" shared="false" uninstallMode="3"/>
<entry name="jre\lib\sparc\client\classes.jsa" shared="false" uninstallMode="0"/>
<entry name="jre\legal\jdk.management.agent\ASSEMBLY_EXCEPTION" shared="false" uninstallMode="3"/>
<entry name="jre\legal\java.compiler\LICENSE" shared="false" uninstallMode="3"/>
<entry name="jre\bin\w2k_lsa_auth.dll" shared="false" uninstallMode="3"/>
<entry name="jre\bin\unpack200.exe" shared="false" uninstallMode="3"/>
<entry name="jre\legal\jdk.accessibility\ASSEMBLY_EXCEPTION" shared="false" uninstallMode="3"/>
<entry name="licenses\bsd-2-clause.txt" shared="false" uninstallMode="0"/>
<entry name="jre\legal\jdk.management.jfr\ASSEMBLY_EXCEPTION" shared="false" uninstallMode="3"/>
<entry name="jre\legal\java.security.jgss\LICENSE" shared="false" uninstallMode="3"/>
<entry name="jre\legal\jdk.dynalink\LICENSE" shared="false" uninstallMode="3"/>
<entry name="jre\bin\management.dll" shared="false" uninstallMode="3"/>
<entry name="jre\bin\api-ms-win-crt-runtime-l1-1-0.dll" shared="false" uninstallMode="3"/>
<entry name="jre\legal\java.net.http\ADDITIONAL_LICENSE_INFO" shared="false" uninstallMode="3"/>
<entry name="jre\legal\java.xml.crypto\ASSEMBLY_EXCEPTION" shared="false" uninstallMode="3"/>
<entry name="jre\legal\jdk.crypto.cryptoki\ASSEMBLY_EXCEPTION" shared="false" uninstallMode="3"/>
<entry name="jre\legal\jdk.crypto.ec\LICENSE" shared="false" uninstallMode="3"/>
<entry name="jre\legal\jdk.internal.vm.ci\ADDITIONAL_LICENSE_INFO" shared="false" uninstallMode="3"/>
<entry name="jre\legal\java.xml\jcup.md" shared="false" uninstallMode="3"/>
<entry name="jre\legal\java.net.http\ASSEMBLY_EXCEPTION" shared="false" uninstallMode="3"/>
<entry name="jre\lib\sparc\server\classes.jsa" shared="false" uninstallMode="0"/>
<entry name="jre\bin\api-ms-win-core-heap-l1-1-0.dll" shared="false" uninstallMode="3"/>
<entry name=".install4j\user.jar" shared="false" uninstallMode="2"/>
<entry name="jre\bin\rmiregistry.exe" shared="false" uninstallMode="3"/>
<entry name="jre\lib\modules" shared="false" uninstallMode="3"/>
<entry name="jre\bin\api-ms-win-core-synch-l1-2-0.dll" shared="false" uninstallMode="3"/>
<entry name="jre\legal\jdk.naming.rmi\ASSEMBLY_EXCEPTION" shared="false" uninstallMode="3"/>
<entry name="lib\snakeyaml-1.27.jar" shared="false" uninstallMode="0"/>
<entry name="jre\legal\java.prefs\ASSEMBLY_EXCEPTION" shared="false" uninstallMode="3"/>
<entry name="liquibase.jar" shared="false" uninstallMode="0"/>
<entry name="jre\bin\jawt.dll" shared="false" uninstallMode="3"/>
<entry name="jre\legal\jdk.dynalink\ASSEMBLY_EXCEPTION" shared="false" uninstallMode="3"/>
<entry name="jre\legal\jdk.unsupported\ADDITIONAL_LICENSE_INFO" shared="false" uninstallMode="3"/>
<entry name="licenses\isc.txt" shared="false" uninstallMode="0"/>
<entry name="jre\legal\jdk.internal.vm.compiler\ASSEMBLY_EXCEPTION" shared="false" uninstallMode="3"/>
<entry name="jre\legal\jdk.management.jfr\ADDITIONAL_LICENSE_INFO" shared="false" uninstallMode="3"/>
<entry name="jre\legal\java.instrument\LICENSE" shared="false" uninstallMode="3"/>
<entry name="jre\legal\jdk.naming.dns\ASSEMBLY_EXCEPTION" shared="false" uninstallMode="3"/>
<entry name="lib\jaxb-impl-2.3.0.jar" shared="false" uninstallMode="0"/>
<entry name="jre\bin\keytool.exe" shared="false" uninstallMode="3"/>
<entry name="jre\legal\java.base\unicode.md" shared="false" uninstallMode="3"/>
<entry name="examples\sql\liquibase.properties" shared="false" uninstallMode="0"/>
<entry name="jre\legal\jdk.pack\ASSEMBLY_EXCEPTION" shared="false" uninstallMode="3"/>
<entry name="jre\legal\java.management\LICENSE" shared="false" uninstallMode="3"/>
<entry name=".install4j\install.prop" shared="false" uninstallMode="0"/>
<entry name="lib\jaxb-core-2.3.0.jar" shared="false" uninstallMode="0"/>
<entry name="jre\conf\security\policy\unlimited\default_US_export.policy" shared="false" uninstallMode="3"/>
<entry name="jre\lib\psfont.properties.ja" shared="false" uninstallMode="3"/>
<entry name="jre\bin\api-ms-win-crt-stdio-l1-1-0.dll" shared="false" uninstallMode="3"/>
<entry name="jre\legal\java.instrument\ADDITIONAL_LICENSE_INFO" shared="false" uninstallMode="3"/>
<entry name="jre\bin\jli.dll" shared="false" uninstallMode="3"/>
<entry name=".install4j\MessagesDefault" shared="false" uninstallMode="2"/>
<entry name="jre\bin\jdwp.dll" shared="false" uninstallMode="3"/>
<entry name="jre\lib\jfr\profile.jfc" shared="false" uninstallMode="3"/>
<entry name="jre\legal\jdk.httpserver\ASSEMBLY_EXCEPTION" shared="false" uninstallMode="3"/>
<entry name="jre\legal\java.transaction.xa\LICENSE" shared="false" uninstallMode="3"/>
<entry name="jre\legal\jdk.unsupported\LICENSE" shared="false" uninstallMode="3"/>
<entry name="LICENSE.txt" shared="false" uninstallMode="0"/>
<entry name="jre\bin\harfbuzz.dll" shared="false" uninstallMode="3"/>
<entry name="jre\bin\java.dll" shared="false" uninstallMode="3"/>
<entry name="C:\ProgramData\Microsoft\Windows\Start Menu\Programs\Liquibase\Liquibase Getting Started.lnk" shared="false" uninstallMode="2"/>
<entry name="jre\legal\java.management.rmi\LICENSE" shared="false" uninstallMode="3"/>
<entry name="jre\bin\kinit.exe" shared="false" uninstallMode="3"/>
<entry name="GETTING_STARTED.txt" shared="false" uninstallMode="0"/>
<entry name="jre\lib\jvm.cfg" shared="false" uninstallMode="3"/>
<entry name="jre\bin\j2pkcs11.dll" shared="false" uninstallMode="3"/>
<entry name="jre\legal\java.xml\bcel.md" shared="false" uninstallMode="3"/>
<entry name="jre\bin\api-ms-win-crt-math-l1-1-0.dll" shared="false" uninstallMode="3"/>
<entry name="jre\bin\api-ms-win-core-profile-l1-1-0.dll" shared="false" uninstallMode="3"/>
<entry name="jre\legal\java.logging\ADDITIONAL_LICENSE_INFO" shared="false" uninstallMode="3"/>
<entry name="jre\legal\jdk.internal.vm.compiler\LICENSE" shared="false" uninstallMode="3"/>
<entry name="liquibase" shared="false" uninstallMode="0"/>
<entry name=".install4j\i4j_extf_0_11stg7i.utf8" shared="false" uninstallMode="2"/>
<entry name="jre\legal\java.compiler\ASSEMBLY_EXCEPTION" shared="false" uninstallMode="3"/>
<entry name="jre\legal\java.management.rmi\ASSEMBLY_EXCEPTION" shared="false" uninstallMode="3"/>
<entry name="jre\legal\java.desktop\lcms.md" shared="false" uninstallMode="3"/>
<entry name="jre\bin\api-ms-win-core-datetime-l1-1-0.dll" shared="false" uninstallMode="3"/>
<entry name="examples\sql\samplechangelog.h2.sql" shared="false" uninstallMode="0"/>
<entry name="jre\bin\prefs.dll" shared="false" uninstallMode="3"/>
<entry name="jre\bin\jaas.dll" shared="false" uninstallMode="3"/>
<entry name="jre\bin\api-ms-win-core-processenvironment-l1-1-0.dll" shared="false" uninstallMode="3"/>
<entry name="jre\legal\jdk.internal.vm.compiler.management\LICENSE" shared="false" uninstallMode="3"/>
<entry name="jre\bin\unpack.dll" shared="false" uninstallMode="3"/>
<entry name="jre\conf\security\policy\unlimited\default_local.policy" shared="false" uninstallMode="3"/>
<entry name="jre\bin\unpack.pdb" shared="false" uninstallMode="3"/>
<entry name="licenses\lgpl-3.0.txt" shared="false" uninstallMode="0"/>
<entry name="jre\bin\api-ms-win-crt-time-l1-1-0.dll" shared="false" uninstallMode="3"/>
<entry name="jre\legal\java.desktop\freetype.md" shared="false" uninstallMode="3"/>
<entry name="jre\legal\jdk.management\LICENSE" shared="false" uninstallMode="3"/>
<entry name="jre\bin\api-ms-win-core-sysinfo-l1-1-0.dll" shared="false" uninstallMode="3"/>
<entry name="jre\lib\jawt.lib" shared="false" uninstallMode="3"/>
<entry name="jre\legal\jdk.dynalink\ADDITIONAL_LICENSE_INFO" shared="false" uninstallMode="3"/>
<entry name="jre\legal\java.sql.rowset\ADDITIONAL_LICENSE_INFO" shared="false" uninstallMode="3"/>
<entry name="jre\legal\java.base\public_suffix.md" shared="false" uninstallMode="3"/>
<entry name="jre\bin\api-ms-win-crt-process-l1-1-0.dll" shared="false" uninstallMode="3"/>
<entry name="jre\bin\sspi_bridge.dll" shared="false" uninstallMode="3"/>
<entry name="jre\legal\jdk.management\ADDITIONAL_LICENSE_INFO" shared="false" uninstallMode="3"/>
<entry name="jre\bin\client\jvm.dll" shared="false" uninstallMode="3"/>
<entry name="jre\bin\ktab.exe" shared="false" uninstallMode="3"/>
<entry name="jre\lib\tzmappings" shared="false" uninstallMode="3"/>
<entry name="jre\bin\jrunscript.exe" shared="false" uninstallMode="3"/>
<entry name="jre\legal\java.rmi\ADDITIONAL_LICENSE_INFO" shared="false" uninstallMode="3"/>
<entry name="lib\liquibase_autocomplete.sh" shared="false" uninstallMode="0"/>
<entry name="jre\lib\tzdb.dat" shared="false" uninstallMode="3"/>
<entry name="jre\legal\jdk.scripting.nashorn\ADDITIONAL_LICENSE_INFO" shared="false" uninstallMode="3"/>
<entry name="jre\legal\jdk.xml.dom\ASSEMBLY_EXCEPTION" shared="false" uninstallMode="3"/>
<entry name="jre\legal\java.transaction.xa\ASSEMBLY_EXCEPTION" shared="false" uninstallMode="3"/>
<entry name="jre\legal\java.base\aes.md" shared="false" uninstallMode="3"/>
<entry name="jre\legal\jdk.crypto.ec\ecc.md" shared="false" uninstallMode="3"/>
<entry name="jre\legal\jdk.scripting.nashorn\joni.md" shared="false" uninstallMode="3"/>
<entry name="jre\legal\jdk.naming.dns\ADDITIONAL_LICENSE_INFO" shared="false" uninstallMode="3"/>
<entry name="jre\bin\msvcp140.dll" shared="false" uninstallMode="3"/>
<entry name="jre\bin\klist.exe" shared="false" uninstallMode="3"/>
<entry name="jre\bin\jaccessinspector.exe" shared="false" uninstallMode="3"/>
<entry name="jre\legal\java.prefs\ADDITIONAL_LICENSE_INFO" shared="false" uninstallMode="3"/>
<entry name=".install4j\pref_jre.cfg" shared="false" uninstallMode="0"/>
<entry name="jre\legal\jdk.jsobject\ASSEMBLY_EXCEPTION" shared="false" uninstallMode="3"/>
<entry name="jre\legal\java.security.jgss\ADDITIONAL_LICENSE_INFO" shared="false" uninstallMode="3"/>
<entry name="jre\legal\java.xml.crypto\santuario.md" shared="false" uninstallMode="3"/>
<entry name="jre\legal\jdk.jdwp.agent\LICENSE" shared="false" uninstallMode="3"/>
<entry name="jre\bin\api-ms-win-core-handle-l1-1-0.dll" shared="false" uninstallMode="3"/>
<entry name="jre\bin\vcruntime140.dll" shared="false" uninstallMode="3"/>
<entry name="jre\legal\jdk.httpserver\ADDITIONAL_LICENSE_INFO" shared="false" uninstallMode="3"/>
</createdFiles>
<createdDirs>
<entry name="licenses" shared="false" uninstallMode="0"/>
<entry name="lib" shared="false" uninstallMode="0"/>
<entry name="jre\lib\server" shared="false" uninstallMode="3"/>
<entry name="jre\lib\security" shared="false" uninstallMode="3"/>
<entry name="jre\lib\jfr" shared="false" uninstallMode="3"/>
<entry name="jre\lib\client" shared="false" uninstallMode="3"/>
<entry name="jre\lib" shared="false" uninstallMode="3"/>
<entry name="jre\legal\jdk.zipfs" shared="false" uninstallMode="3"/>
<entry name="jre\legal\jdk.xml.dom" shared="false" uninstallMode="3"/>
<entry name="jre\legal\jdk.unsupported" shared="false" uninstallMode="3"/>
<entry name="jre\legal\jdk.security.jgss" shared="false" uninstallMode="3"/>
<entry name="jre\legal\jdk.security.auth" shared="false" uninstallMode="3"/>
<entry name="jre\legal\jdk.sctp" shared="false" uninstallMode="3"/>
<entry name="jre\legal\jdk.scripting.nashorn.shell" shared="false" uninstallMode="3"/>
<entry name="jre\legal\jdk.scripting.nashorn" shared="false" uninstallMode="3"/>
<entry name="jre\legal\jdk.pack" shared="false" uninstallMode="3"/>
<entry name="jre\legal\jdk.net" shared="false" uninstallMode="3"/>
<entry name="jre\legal\jdk.naming.rmi" shared="false" uninstallMode="3"/>
<entry name="jre\legal\jdk.naming.ldap" shared="false" uninstallMode="3"/>
<entry name="jre\legal\jdk.naming.dns" shared="false" uninstallMode="3"/>
<entry name="jre\legal\jdk.management.jfr" shared="false" uninstallMode="3"/>
<entry name="jre\legal\jdk.management.agent" shared="false" uninstallMode="3"/>
<entry name="jre\legal\jdk.management" shared="false" uninstallMode="3"/>
<entry name="jre\legal\jdk.localedata" shared="false" uninstallMode="3"/>
<entry name="jre\legal\jdk.jsobject" shared="false" uninstallMode="3"/>
<entry name="jre\legal\jdk.jfr" shared="false" uninstallMode="3"/>
<entry name="jre\legal\jdk.jdwp.agent" shared="false" uninstallMode="3"/>
<entry name="jre\legal\jdk.internal.vm.compiler.management" shared="false" uninstallMode="3"/>
<entry name="jre\legal\jdk.internal.vm.compiler" shared="false" uninstallMode="3"/>
<entry name="jre\legal\jdk.internal.vm.ci" shared="false" uninstallMode="3"/>
<entry name="jre\legal\jdk.internal.le" shared="false" uninstallMode="3"/>
<entry name="jre\legal\jdk.internal.ed" shared="false" uninstallMode="3"/>
<entry name="jre\legal\jdk.httpserver" shared="false" uninstallMode="3"/>
<entry name="jre\legal\jdk.dynalink" shared="false" uninstallMode="3"/>
<entry name="jre\legal\jdk.crypto.mscapi" shared="false" uninstallMode="3"/>
<entry name="jre\legal\jdk.crypto.ec" shared="false" uninstallMode="3"/>
<entry name="jre\legal\jdk.crypto.cryptoki" shared="false" uninstallMode="3"/>
<entry name="jre\legal\jdk.charsets" shared="false" uninstallMode="3"/>
<entry name="jre\legal\jdk.aot" shared="false" uninstallMode="3"/>
<entry name="jre\legal\jdk.accessibility" shared="false" uninstallMode="3"/>
<entry name="jre\legal\java.xml.crypto" shared="false" uninstallMode="3"/>
<entry name="jre\legal\java.xml" shared="false" uninstallMode="3"/>
<entry name="jre\legal\java.transaction.xa" shared="false" uninstallMode="3"/>
<entry name="jre\legal\java.sql.rowset" shared="false" uninstallMode="3"/>
<entry name="jre\legal\java.sql" shared="false" uninstallMode="3"/>
<entry name="jre\legal\java.smartcardio" shared="false" uninstallMode="3"/>
<entry name="jre\legal\java.security.sasl" shared="false" uninstallMode="3"/>
<entry name="jre\legal\java.security.jgss" shared="false" uninstallMode="3"/>
<entry name="jre\legal\java.se" shared="false" uninstallMode="3"/>
<entry name="jre\legal\java.scripting" shared="false" uninstallMode="3"/>
<entry name="jre\legal\java.rmi" shared="false" uninstallMode="3"/>
<entry name="jre\legal\java.prefs" shared="false" uninstallMode="3"/>
<entry name="jre\legal\java.net.http" shared="false" uninstallMode="3"/>
<entry name="jre\legal\java.naming" shared="false" uninstallMode="3"/>
<entry name="jre\legal\java.management.rmi" shared="false" uninstallMode="3"/>
<entry name="jre\legal\java.management" shared="false" uninstallMode="3"/>
<entry name="jre\legal\java.logging" shared="false" uninstallMode="3"/>
<entry name="jre\legal\java.instrument" shared="false" uninstallMode="3"/>
<entry name="jre\legal\java.desktop" shared="false" uninstallMode="3"/>
<entry name="jre\legal\java.datatransfer" shared="false" uninstallMode="3"/>
<entry name="jre\legal\java.compiler" shared="false" uninstallMode="3"/>
<entry name="jre\legal\java.base" shared="false" uninstallMode="3"/>
<entry name="jre\legal" shared="false" uninstallMode="3"/>
<entry name="jre\conf\security\policy\unlimited" shared="false" uninstallMode="3"/>
<entry name="jre\conf\security\policy\limited" shared="false" uninstallMode="3"/>
<entry name="jre\conf\security\policy" shared="false" uninstallMode="3"/>
<entry name="jre\conf\security" shared="false" uninstallMode="3"/>
<entry name="jre\conf\management" shared="false" uninstallMode="3"/>
<entry name="jre\conf" shared="false" uninstallMode="3"/>
<entry name="jre\bin\server" shared="false" uninstallMode="3"/>
<entry name="jre\bin\client" shared="false" uninstallMode="3"/>
<entry name="jre\bin" shared="false" uninstallMode="3"/>
<entry name="jre" shared="false" uninstallMode="3"/>
<entry name="examples\xml" shared="false" uninstallMode="0"/>
<entry name="examples\sql" shared="false" uninstallMode="0"/>
<entry name="examples" shared="false" uninstallMode="0"/>
<entry name=".install4j" shared="false" uninstallMode="0"/>
<entry name="." shared="false" uninstallMode="0"/>
<entry name="C:\ProgramData\Microsoft\Windows\Start Menu\Programs\Liquibase" shared="false" uninstallMode="0"/>
</createdDirs>
</fileLog>
