[INFO] logger started at Sat Jun 05 11:29:35 SGT 2021
[INFO] executable name: D:\Downloads\liquibase-windows-x64-installer-4.3.5.exe
[INFO] install4j version: 8.0.11 (build 8268)
[INFO] Properties: 
-- listing properties --
sun.desktop=windows
awt.toolkit=sun.awt.windows.WToolkit
java.specification.version=11
sun.cpu.isalist=amd64
sun.jnu.encoding=Cp1252
java.class.path=C:\Users\GENERO~1\AppData\Local\Temp\...
sun.awt.enableExtraMouseButtons=true
java.vm.vendor=AdoptOpenJDK
sun.arch.data.model=64
install4j.exeDir=D:\Downloads\
user.variant=
java.vendor.url=https://adoptopenjdk.net/
user.timezone=Asia/Singapore
os.name=Windows 10
java.vm.specification.version=11
user.country=US
sun.boot.library.path=c:\users\genero~1\appdata\local\temp\...
sun.java.command=D:\Downloads\liquibase-windows-x64-in...
jdk.debug=release
sun.cpu.endian=little
user.home=C:\Users\Gene Romuga
exe4j.unextractedPosition=44603670
user.language=en
java.specification.vendor=Oracle Corporation
java.version.date=2021-01-19
java.home=c:\users\genero~1\appdata\local\temp\...
file.separator=\
java.vm.compressedOopsMode=Zero based
line.separator=

java.specification.name=Java Platform API Specification
java.vm.specification.vendor=Oracle Corporation
java.awt.graphicsenv=sun.awt.Win32GraphicsEnvironment
exe4j.moduleName=D:\Downloads\liquibase-windows-x64-in...
exe4j.tempDir=C:\Users\GENERO~1\AppData\Local\Temp\...
user.script=
exe4j.consoleCodepage=cp0
sun.management.compiler=HotSpot 64-Bit Tiered Compilers
exe4j.isInstall4j=true
java.runtime.version=11.0.10+9
user.name=Gene Romuga
path.separator=;
os.version=10.0
java.runtime.name=OpenJDK Runtime Environment
file.encoding=Cp1252
java.vm.name=OpenJDK 64-Bit Server VM
java.vendor.version=AdoptOpenJDK
exe4j.semaphoreName=Local\d:_downloads_liquibase-windows-...
install4j.appDir=C:\Users\Gene Romuga\AppData\Local\Temp\
java.vendor.url.bug=https://github.com/AdoptOpenJDK/openj...
java.io.tmpdir=C:\Users\GENERO~1\AppData\Local\Temp\
java.version=11.0.10
user.dir=C:\Users\GENERO~1\AppData\Local\Temp\...
os.arch=amd64
java.vm.specification.name=Java Virtual Machine Specification
java.awt.printerjob=sun.awt.windows.WPrinterJob
sun.os.patch.level=
java.library.path=c:\users\genero~1\appdata\local\temp\...
java.vm.info=mixed mode
java.vendor=AdoptOpenJDK
java.vm.version=11.0.10+9
sun.io.unicode.encoding=UnicodeLittle
java.class.version=55.0
exe4j.launchName=D:\Downloads\liquibase-windows-x64-in...
[INFO] Variable changed: sys.resolveUserSpecificInstallationDir=false[class java.lang.String]
[INFO] my modules file C:\Users\Gene Romuga\AppData\Local\Temp\e4j724D.tmp_dir1622863766\jre\lib\modules, \Device\HarddiskVolume4\Users\Gene Romuga\AppData\Local\Temp\e4j724D.tmp_dir1622863766\jre\lib\modules
[INFO] closed inherited module handle \Device\HarddiskVolume4\Users\GENERO~1\AppData\Local\Temp\e4j724D.tmp_dir1622863766\jre\lib\modules
[INFO] com.install4j.runtime.beans.actions.misc.RequestPrivilegesAction [ID 22]: Execute action
       Property allRequested: true
       Property failIfNotObtainedMac: true
       Property failIfNotObtainedWin: true
       Property failIfNotRootUnix: false
       Property obtainIfAdminMac: true
       Property obtainIfAdminWin: true
       Property obtainIfNormalMac: true
       Property obtainIfNormalWin: true
       Property rollbackSupported: false
       Property updateInstallationDirectory: true
       Using communication backend com.install4j.runtime.installer.platform.win32.Win32CommunicationBackend
       Execute action successful after 2351 ms
[INFO] com.install4j.runtime.beans.screens.StartupScreen [ID 1]: command: move 1 screens, executing actions, checking condition
[INFO] com.install4j.runtime.beans.screens.WelcomeScreen [ID 2]: Show screen
[INFO] com.install4j.runtime.beans.screens.WelcomeScreen [ID 2]: command: move 1 screens, executing actions, checking condition
[INFO] com.install4j.runtime.beans.screens.InstallationDirectoryScreen [ID 8]: Show screen
       Variable changed: sys.installationDir=D:\Applications\Liquibase\liquibase[class java.lang.String]
       checking writable with maximum
[INFO] com.install4j.runtime.beans.actions.misc.LoadResponseFileAction [ID 11]: Execute action
       Property excludedVariables: [sys.installationDir]
       Property file: null
       Property overwriteStrategy: Do not overwrite command line
       Property registerForResponseFile: true
       Property rollbackSupported: false
       Response file D:\Applications\Liquibase\liquibase\.install4j\response.varfile does not exist
       Execute action successful after 13 ms
[INFO] com.install4j.runtime.beans.screens.InstallationDirectoryScreen [ID 8]: command: move 1 screens, executing actions, checking condition
[INFO] com.install4j.runtime.beans.screens.FormScreen [ID 67]: Show screen
       Variable changed: liquibase.addToPath=true[class java.lang.Boolean]
[INFO] com.install4j.runtime.beans.screens.FormScreen [ID 67]: command: move 1 screens, executing actions, checking condition
[INFO] com.install4j.runtime.beans.screens.InstallationScreen [ID 15]: Show screen
[INFO] com.install4j.runtime.beans.actions.InstallFilesAction [ID 17]: Execute action
       Property directoryResolverScript: null
       Property fileFilterScript: null
       Property sizeCalculatorScript: null
       Property acceptAllCertificates: false
       Property checkFreeSpace: true
       Property delay: false
       Property installRuntime: true
       Property rollbackSupported: true
       Property saveDownloadedFiles: false
       Property showFileNames: true
       Property triggerReboot: true
       Property updateBundledJre: true
       Property validateApplicationId: false
       Install file: D:\Applications\Liquibase\liquibase\jre\bin\api-ms-win-core-console-l1-1-0.dll; size: 9880 bytes; exists: false
       File options set to: [fileTime: Sat Jun 05 11:29:26 SGT 2021, mode: 644, overwriteMode: Always ask except for update, shared: false, uninstallMode: If created, but not for update, delayIfNecessary: false]
       Install file: D:\Applications\Liquibase\liquibase\jre\bin\api-ms-win-core-datetime-l1-1-0.dll; size: 9368 bytes; exists: false
       Install file: D:\Applications\Liquibase\liquibase\jre\bin\api-ms-win-core-debug-l1-1-0.dll; size: 9368 bytes; exists: false
       Install file: D:\Applications\Liquibase\liquibase\jre\bin\api-ms-win-core-errorhandling-l1-1-0.dll; size: 9368 bytes; exists: false
       Install file: D:\Applications\Liquibase\liquibase\jre\bin\api-ms-win-core-file-l1-1-0.dll; size: 12952 bytes; exists: false
       Install file: D:\Applications\Liquibase\liquibase\jre\bin\api-ms-win-core-file-l1-2-0.dll; size: 9368 bytes; exists: false
       Install file: D:\Applications\Liquibase\liquibase\jre\bin\api-ms-win-core-file-l2-1-0.dll; size: 9368 bytes; exists: false
       Install file: D:\Applications\Liquibase\liquibase\jre\bin\api-ms-win-core-handle-l1-1-0.dll; size: 9368 bytes; exists: false
       Install file: D:\Applications\Liquibase\liquibase\jre\bin\api-ms-win-core-heap-l1-1-0.dll; size: 9880 bytes; exists: false
       Install file: D:\Applications\Liquibase\liquibase\jre\bin\api-ms-win-core-interlocked-l1-1-0.dll; size: 9368 bytes; exists: false
       Install file: D:\Applications\Liquibase\liquibase\jre\bin\api-ms-win-core-libraryloader-l1-1-0.dll; size: 10392 bytes; exists: false
       Install file: D:\Applications\Liquibase\liquibase\jre\bin\api-ms-win-core-localization-l1-2-0.dll; size: 11928 bytes; exists: false
       Install file: D:\Applications\Liquibase\liquibase\jre\bin\api-ms-win-core-memory-l1-1-0.dll; size: 9880 bytes; exists: false
       Install file: D:\Applications\Liquibase\liquibase\jre\bin\api-ms-win-core-namedpipe-l1-1-0.dll; size: 9368 bytes; exists: false
       Install file: D:\Applications\Liquibase\liquibase\jre\bin\api-ms-win-core-processenvironment-l1-1-0.dll; size: 10392 bytes; exists: false
       Install file: D:\Applications\Liquibase\liquibase\jre\bin\api-ms-win-core-processthreads-l1-1-0.dll; size: 11416 bytes; exists: false
       Install file: D:\Applications\Liquibase\liquibase\jre\bin\api-ms-win-core-processthreads-l1-1-1.dll; size: 9880 bytes; exists: false
       Install file: D:\Applications\Liquibase\liquibase\jre\bin\api-ms-win-core-profile-l1-1-0.dll; size: 8856 bytes; exists: false
       Install file: D:\Applications\Liquibase\liquibase\jre\bin\api-ms-win-core-rtlsupport-l1-1-0.dll; size: 9880 bytes; exists: false
       Install file: D:\Applications\Liquibase\liquibase\jre\bin\api-ms-win-core-string-l1-1-0.dll; size: 9368 bytes; exists: false
       Install file: D:\Applications\Liquibase\liquibase\jre\bin\api-ms-win-core-synch-l1-1-0.dll; size: 11416 bytes; exists: false
       Install file: D:\Applications\Liquibase\liquibase\jre\bin\api-ms-win-core-synch-l1-2-0.dll; size: 9880 bytes; exists: false
       Install file: D:\Applications\Liquibase\liquibase\jre\bin\api-ms-win-core-sysinfo-l1-1-0.dll; size: 10392 bytes; exists: false
       Install file: D:\Applications\Liquibase\liquibase\jre\bin\api-ms-win-core-timezone-l1-1-0.dll; size: 9880 bytes; exists: false
       Install file: D:\Applications\Liquibase\liquibase\jre\bin\api-ms-win-core-util-l1-1-0.dll; size: 9368 bytes; exists: false
       Install file: D:\Applications\Liquibase\liquibase\jre\bin\api-ms-win-crt-conio-l1-1-0.dll; size: 10392 bytes; exists: false
       Install file: D:\Applications\Liquibase\liquibase\jre\bin\api-ms-win-crt-convert-l1-1-0.dll; size: 13464 bytes; exists: false
       Install file: D:\Applications\Liquibase\liquibase\jre\bin\api-ms-win-crt-environment-l1-1-0.dll; size: 9880 bytes; exists: false
       Install file: D:\Applications\Liquibase\liquibase\jre\bin\api-ms-win-crt-filesystem-l1-1-0.dll; size: 11416 bytes; exists: false
       Install file: D:\Applications\Liquibase\liquibase\jre\bin\api-ms-win-crt-heap-l1-1-0.dll; size: 10392 bytes; exists: false
       Install file: D:\Applications\Liquibase\liquibase\jre\bin\api-ms-win-crt-locale-l1-1-0.dll; size: 9880 bytes; exists: false
       Install file: D:\Applications\Liquibase\liquibase\jre\bin\api-ms-win-crt-math-l1-1-0.dll; size: 18584 bytes; exists: false
       Install file: D:\Applications\Liquibase\liquibase\jre\bin\api-ms-win-crt-multibyte-l1-1-0.dll; size: 17560 bytes; exists: false
       Install file: D:\Applications\Liquibase\liquibase\jre\bin\api-ms-win-crt-private-l1-1-0.dll; size: 62104 bytes; exists: false
       Install file: D:\Applications\Liquibase\liquibase\jre\bin\api-ms-win-crt-process-l1-1-0.dll; size: 10392 bytes; exists: false
       Install file: D:\Applications\Liquibase\liquibase\jre\bin\api-ms-win-crt-runtime-l1-1-0.dll; size: 13976 bytes; exists: false
       Install file: D:\Applications\Liquibase\liquibase\jre\bin\api-ms-win-crt-stdio-l1-1-0.dll; size: 15512 bytes; exists: false
       Install file: D:\Applications\Liquibase\liquibase\jre\bin\api-ms-win-crt-string-l1-1-0.dll; size: 15512 bytes; exists: false
       Install file: D:\Applications\Liquibase\liquibase\jre\bin\api-ms-win-crt-time-l1-1-0.dll; size: 11928 bytes; exists: false
       Install file: D:\Applications\Liquibase\liquibase\jre\bin\api-ms-win-crt-utility-l1-1-0.dll; size: 9880 bytes; exists: false
       Install file: D:\Applications\Liquibase\liquibase\jre\bin\awt.dll; size: 1517720 bytes; exists: false
       Install file: D:\Applications\Liquibase\liquibase\jre\bin\client\jvm.dll; size: 6790296 bytes; exists: false
       Install file: D:\Applications\Liquibase\liquibase\jre\bin\dt_socket.dll; size: 29336 bytes; exists: false
       Install file: D:\Applications\Liquibase\liquibase\jre\bin\fontmanager.dll; size: 57496 bytes; exists: false
       Install file: D:\Applications\Liquibase\liquibase\jre\bin\freetype.dll; size: 537752 bytes; exists: false
       Install file: D:\Applications\Liquibase\liquibase\jre\bin\harfbuzz.dll; size: 747672 bytes; exists: false
       Install file: D:\Applications\Liquibase\liquibase\jre\bin\instrument.dll; size: 46232 bytes; exists: false
       Install file: D:\Applications\Liquibase\liquibase\jre\bin\j2gss.dll; size: 46232 bytes; exists: false
       Install file: D:\Applications\Liquibase\liquibase\jre\bin\j2pcsc.dll; size: 21656 bytes; exists: false
       Install file: D:\Applications\Liquibase\liquibase\jre\bin\j2pkcs11.dll; size: 72856 bytes; exists: false
       Install file: D:\Applications\Liquibase\liquibase\jre\bin\jaas.dll; size: 23192 bytes; exists: false
       Install file: D:\Applications\Liquibase\liquibase\jre\bin\jabswitch.exe; size: 40600 bytes; exists: false
       Install file: D:\Applications\Liquibase\liquibase\jre\bin\jaccessinspector.exe; size: 103576 bytes; exists: false
       Install file: D:\Applications\Liquibase\liquibase\jre\bin\jaccesswalker.exe; size: 66712 bytes; exists: false
       Install file: D:\Applications\Liquibase\liquibase\jre\bin\jaotc.exe; size: 20632 bytes; exists: false
       Install file: D:\Applications\Liquibase\liquibase\jre\bin\java.dll; size: 152216 bytes; exists: false
       Install file: D:\Applications\Liquibase\liquibase\jre\bin\java.exe; size: 45208 bytes; exists: false
       Install file: D:\Applications\Liquibase\liquibase\jre\bin\javaaccessbridge.dll; size: 153240 bytes; exists: false
       Install file: D:\Applications\Liquibase\liquibase\jre\bin\javajpeg.dll; size: 171672 bytes; exists: false
       Install file: D:\Applications\Liquibase\liquibase\jre\bin\javaw.exe; size: 45208 bytes; exists: false
       Install file: D:\Applications\Liquibase\liquibase\jre\bin\jawt.dll; size: 16536 bytes; exists: false
       Install file: D:\Applications\Liquibase\liquibase\jre\bin\jdwp.dll; size: 214168 bytes; exists: false
       Install file: D:\Applications\Liquibase\liquibase\jre\bin\jfr.exe; size: 19096 bytes; exists: false
       Install file: D:\Applications\Liquibase\liquibase\jre\bin\jimage.dll; size: 30360 bytes; exists: false
       Install file: D:\Applications\Liquibase\liquibase\jre\bin\jjs.exe; size: 19096 bytes; exists: false
       Install file: D:\Applications\Liquibase\liquibase\jre\bin\jli.dll; size: 82584 bytes; exists: false
       Install file: D:\Applications\Liquibase\liquibase\jre\bin\jrunscript.exe; size: 19096 bytes; exists: false
       Install file: D:\Applications\Liquibase\liquibase\jre\bin\jsound.dll; size: 56984 bytes; exists: false
       Install file: D:\Applications\Liquibase\liquibase\jre\bin\keytool.exe; size: 19096 bytes; exists: false
       Install file: D:\Applications\Liquibase\liquibase\jre\bin\kinit.exe; size: 19096 bytes; exists: false
       Install file: D:\Applications\Liquibase\liquibase\jre\bin\klist.exe; size: 19096 bytes; exists: false
       Install file: D:\Applications\Liquibase\liquibase\jre\bin\ktab.exe; size: 19096 bytes; exists: false
       Install file: D:\Applications\Liquibase\liquibase\jre\bin\lcms.dll; size: 243352 bytes; exists: false
       Install file: D:\Applications\Liquibase\liquibase\jre\bin\le.dll; size: 30872 bytes; exists: false
       Install file: D:\Applications\Liquibase\liquibase\jre\bin\management.dll; size: 24728 bytes; exists: false
       Install file: D:\Applications\Liquibase\liquibase\jre\bin\management_agent.dll; size: 19608 bytes; exists: false
       Install file: D:\Applications\Liquibase\liquibase\jre\bin\management_ext.dll; size: 31384 bytes; exists: false
       Install file: D:\Applications\Liquibase\liquibase\jre\bin\mlib_image.dll; size: 504984 bytes; exists: false
       Install file: D:\Applications\Liquibase\liquibase\jre\bin\msvcp140.dll; size: 617624 bytes; exists: false
       Install file: D:\Applications\Liquibase\liquibase\jre\bin\net.dll; size: 90264 bytes; exists: false
       Install file: D:\Applications\Liquibase\liquibase\jre\bin\nio.dll; size: 62104 bytes; exists: false
       Install file: D:\Applications\Liquibase\liquibase\jre\bin\pack200.exe; size: 19096 bytes; exists: false
       Install file: D:\Applications\Liquibase\liquibase\jre\bin\prefs.dll; size: 21144 bytes; exists: false
       Install file: D:\Applications\Liquibase\liquibase\jre\bin\rmi.dll; size: 16536 bytes; exists: false
       Install file: D:\Applications\Liquibase\liquibase\jre\bin\rmid.exe; size: 19096 bytes; exists: false
       Install file: D:\Applications\Liquibase\liquibase\jre\bin\rmiregistry.exe; size: 19096 bytes; exists: false
       File options set to: [fileTime: Sat Jun 05 11:29:27 SGT 2021, mode: 644, overwriteMode: Always ask except for update, shared: false, uninstallMode: If created, but not for update, delayIfNecessary: false]
       Install file: D:\Applications\Liquibase\liquibase\jre\bin\server\jvm.dll; size: 11509400 bytes; exists: false
       Install file: D:\Applications\Liquibase\liquibase\jre\bin\splashscreen.dll; size: 213656 bytes; exists: false
       Install file: D:\Applications\Liquibase\liquibase\jre\bin\sspi_bridge.dll; size: 40088 bytes; exists: false
       Install file: D:\Applications\Liquibase\liquibase\jre\bin\sunec.dll; size: 145560 bytes; exists: false
       Install file: D:\Applications\Liquibase\liquibase\jre\bin\sunmscapi.dll; size: 42648 bytes; exists: false
       Install file: D:\Applications\Liquibase\liquibase\jre\bin\ucrtbase.dll; size: 1007256 bytes; exists: false
       Install file: D:\Applications\Liquibase\liquibase\jre\bin\unpack.dll; size: 84120 bytes; exists: false
       Install file: D:\Applications\Liquibase\liquibase\jre\bin\unpack.pdb; size: 503808 bytes; exists: false
       Install file: D:\Applications\Liquibase\liquibase\jre\bin\unpack200.exe; size: 135320 bytes; exists: false
       Install file: D:\Applications\Liquibase\liquibase\jre\bin\vcruntime140.dll; size: 75416 bytes; exists: false
       Install file: D:\Applications\Liquibase\liquibase\jre\bin\verify.dll; size: 51352 bytes; exists: false
       Install file: D:\Applications\Liquibase\liquibase\jre\bin\w2k_lsa_auth.dll; size: 26776 bytes; exists: false
       Install file: D:\Applications\Liquibase\liquibase\jre\bin\windowsaccessbridge-64.dll; size: 191640 bytes; exists: false
       Install file: D:\Applications\Liquibase\liquibase\jre\bin\zip.dll; size: 81048 bytes; exists: false
       Install file: D:\Applications\Liquibase\liquibase\jre\conf\logging.properties; size: 2731 bytes; exists: false
       Install file: D:\Applications\Liquibase\liquibase\jre\conf\management\jmxremote.access; size: 3997 bytes; exists: false
       Install file: D:\Applications\Liquibase\liquibase\jre\conf\management\jmxremote.password.template; size: 5690 bytes; exists: false
       Install file: D:\Applications\Liquibase\liquibase\jre\conf\management\management.properties; size: 14292 bytes; exists: false
       Install file: D:\Applications\Liquibase\liquibase\jre\conf\net.properties; size: 5352 bytes; exists: false
       Install file: D:\Applications\Liquibase\liquibase\jre\conf\security\java.policy; size: 2180 bytes; exists: false
       Install file: D:\Applications\Liquibase\liquibase\jre\conf\security\java.security; size: 53287 bytes; exists: false
       Install file: D:\Applications\Liquibase\liquibase\jre\conf\security\policy\limited\default_local.policy; size: 647 bytes; exists: false
       Install file: D:\Applications\Liquibase\liquibase\jre\conf\security\policy\limited\default_US_export.policy; size: 146 bytes; exists: false
       Install file: D:\Applications\Liquibase\liquibase\jre\conf\security\policy\limited\exempt_local.policy; size: 566 bytes; exists: false
       Install file: D:\Applications\Liquibase\liquibase\jre\conf\security\policy\README.txt; size: 2390 bytes; exists: false
       Install file: D:\Applications\Liquibase\liquibase\jre\conf\security\policy\unlimited\default_local.policy; size: 193 bytes; exists: false
       Install file: D:\Applications\Liquibase\liquibase\jre\conf\security\policy\unlimited\default_US_export.policy; size: 146 bytes; exists: false
       Install file: D:\Applications\Liquibase\liquibase\jre\conf\sound.properties; size: 1210 bytes; exists: false
       Install file: D:\Applications\Liquibase\liquibase\jre\legal\java.base\ADDITIONAL_LICENSE_INFO; size: 2114 bytes; exists: false
       Install file: D:\Applications\Liquibase\liquibase\jre\legal\java.base\aes.md; size: 1444 bytes; exists: false
       Install file: D:\Applications\Liquibase\liquibase\jre\legal\java.base\asm.md; size: 1582 bytes; exists: false
       Install file: D:\Applications\Liquibase\liquibase\jre\legal\java.base\ASSEMBLY_EXCEPTION; size: 1522 bytes; exists: false
       Install file: D:\Applications\Liquibase\liquibase\jre\legal\java.base\c-libutl.md; size: 1556 bytes; exists: false
       Install file: D:\Applications\Liquibase\liquibase\jre\legal\java.base\cldr.md; size: 2926 bytes; exists: false
       Install file: D:\Applications\Liquibase\liquibase\jre\legal\java.base\icu.md; size: 2930 bytes; exists: false
       Install file: D:\Applications\Liquibase\liquibase\jre\legal\java.base\LICENSE; size: 19274 bytes; exists: false
       Install file: D:\Applications\Liquibase\liquibase\jre\legal\java.base\public_suffix.md; size: 17785 bytes; exists: false
       Install file: D:\Applications\Liquibase\liquibase\jre\legal\java.base\unicode.md; size: 2957 bytes; exists: false
       Install file: D:\Applications\Liquibase\liquibase\jre\legal\java.base\zlib.md; size: 1011 bytes; exists: false
       Install file: D:\Applications\Liquibase\liquibase\jre\legal\java.compiler\ADDITIONAL_LICENSE_INFO; size: 49 bytes; exists: false
       Install file: D:\Applications\Liquibase\liquibase\jre\legal\java.compiler\ASSEMBLY_EXCEPTION; size: 44 bytes; exists: false
       Install file: D:\Applications\Liquibase\liquibase\jre\legal\java.compiler\LICENSE; size: 33 bytes; exists: false
       Install file: D:\Applications\Liquibase\liquibase\jre\legal\java.datatransfer\ADDITIONAL_LICENSE_INFO; size: 49 bytes; exists: false
       Install file: D:\Applications\Liquibase\liquibase\jre\legal\java.datatransfer\ASSEMBLY_EXCEPTION; size: 44 bytes; exists: false
       Install file: D:\Applications\Liquibase\liquibase\jre\legal\java.datatransfer\LICENSE; size: 33 bytes; exists: false
       Install file: D:\Applications\Liquibase\liquibase\jre\legal\java.desktop\ADDITIONAL_LICENSE_INFO; size: 49 bytes; exists: false
       Install file: D:\Applications\Liquibase\liquibase\jre\legal\java.desktop\ASSEMBLY_EXCEPTION; size: 44 bytes; exists: false
       Install file: D:\Applications\Liquibase\liquibase\jre\legal\java.desktop\colorimaging.md; size: 167 bytes; exists: false
       Install file: D:\Applications\Liquibase\liquibase\jre\legal\java.desktop\freetype.md; size: 28780 bytes; exists: false
       Install file: D:\Applications\Liquibase\liquibase\jre\legal\java.desktop\giflib.md; size: 1288 bytes; exists: false
       Install file: D:\Applications\Liquibase\liquibase\jre\legal\java.desktop\harfbuzz.md; size: 2753 bytes; exists: false
       Install file: D:\Applications\Liquibase\liquibase\jre\legal\java.desktop\jpeg.md; size: 3997 bytes; exists: false
       Install file: D:\Applications\Liquibase\liquibase\jre\legal\java.desktop\lcms.md; size: 1178 bytes; exists: false
       Install file: D:\Applications\Liquibase\liquibase\jre\legal\java.desktop\libpng.md; size: 5398 bytes; exists: false
       Install file: D:\Applications\Liquibase\liquibase\jre\legal\java.desktop\LICENSE; size: 33 bytes; exists: false
       Install file: D:\Applications\Liquibase\liquibase\jre\legal\java.desktop\mesa3d.md; size: 5732 bytes; exists: false
       Install file: D:\Applications\Liquibase\liquibase\jre\legal\java.instrument\ADDITIONAL_LICENSE_INFO; size: 49 bytes; exists: false
       Install file: D:\Applications\Liquibase\liquibase\jre\legal\java.instrument\ASSEMBLY_EXCEPTION; size: 44 bytes; exists: false
       Install file: D:\Applications\Liquibase\liquibase\jre\legal\java.instrument\LICENSE; size: 33 bytes; exists: false
       Install file: D:\Applications\Liquibase\liquibase\jre\legal\java.logging\ADDITIONAL_LICENSE_INFO; size: 49 bytes; exists: false
       Install file: D:\Applications\Liquibase\liquibase\jre\legal\java.logging\ASSEMBLY_EXCEPTION; size: 44 bytes; exists: false
       Install file: D:\Applications\Liquibase\liquibase\jre\legal\java.logging\LICENSE; size: 33 bytes; exists: false
       Install file: D:\Applications\Liquibase\liquibase\jre\legal\java.management\ADDITIONAL_LICENSE_INFO; size: 49 bytes; exists: false
       Install file: D:\Applications\Liquibase\liquibase\jre\legal\java.management\ASSEMBLY_EXCEPTION; size: 44 bytes; exists: false
       Install file: D:\Applications\Liquibase\liquibase\jre\legal\java.management\LICENSE; size: 33 bytes; exists: false
       Install file: D:\Applications\Liquibase\liquibase\jre\legal\java.management.rmi\ADDITIONAL_LICENSE_INFO; size: 49 bytes; exists: false
       Install file: D:\Applications\Liquibase\liquibase\jre\legal\java.management.rmi\ASSEMBLY_EXCEPTION; size: 44 bytes; exists: false
       Install file: D:\Applications\Liquibase\liquibase\jre\legal\java.management.rmi\LICENSE; size: 33 bytes; exists: false
       Install file: D:\Applications\Liquibase\liquibase\jre\legal\java.naming\ADDITIONAL_LICENSE_INFO; size: 49 bytes; exists: false
       Install file: D:\Applications\Liquibase\liquibase\jre\legal\java.naming\ASSEMBLY_EXCEPTION; size: 44 bytes; exists: false
       Install file: D:\Applications\Liquibase\liquibase\jre\legal\java.naming\LICENSE; size: 33 bytes; exists: false
       Install file: D:\Applications\Liquibase\liquibase\jre\legal\java.net.http\ADDITIONAL_LICENSE_INFO; size: 49 bytes; exists: false
       Install file: D:\Applications\Liquibase\liquibase\jre\legal\java.net.http\ASSEMBLY_EXCEPTION; size: 44 bytes; exists: false
       Install file: D:\Applications\Liquibase\liquibase\jre\legal\java.net.http\LICENSE; size: 33 bytes; exists: false
       Install file: D:\Applications\Liquibase\liquibase\jre\legal\java.prefs\ADDITIONAL_LICENSE_INFO; size: 49 bytes; exists: false
       Install file: D:\Applications\Liquibase\liquibase\jre\legal\java.prefs\ASSEMBLY_EXCEPTION; size: 44 bytes; exists: false
       Install file: D:\Applications\Liquibase\liquibase\jre\legal\java.prefs\LICENSE; size: 33 bytes; exists: false
       Install file: D:\Applications\Liquibase\liquibase\jre\legal\java.rmi\ADDITIONAL_LICENSE_INFO; size: 49 bytes; exists: false
       Install file: D:\Applications\Liquibase\liquibase\jre\legal\java.rmi\ASSEMBLY_EXCEPTION; size: 44 bytes; exists: false
       Install file: D:\Applications\Liquibase\liquibase\jre\legal\java.rmi\LICENSE; size: 33 bytes; exists: false
       Install file: D:\Applications\Liquibase\liquibase\jre\legal\java.scripting\ADDITIONAL_LICENSE_INFO; size: 49 bytes; exists: false
       Install file: D:\Applications\Liquibase\liquibase\jre\legal\java.scripting\ASSEMBLY_EXCEPTION; size: 44 bytes; exists: false
       Install file: D:\Applications\Liquibase\liquibase\jre\legal\java.scripting\LICENSE; size: 33 bytes; exists: false
       Install file: D:\Applications\Liquibase\liquibase\jre\legal\java.se\ADDITIONAL_LICENSE_INFO; size: 49 bytes; exists: false
       Install file: D:\Applications\Liquibase\liquibase\jre\legal\java.se\ASSEMBLY_EXCEPTION; size: 44 bytes; exists: false
       Install file: D:\Applications\Liquibase\liquibase\jre\legal\java.se\LICENSE; size: 33 bytes; exists: false
       Install file: D:\Applications\Liquibase\liquibase\jre\legal\java.security.jgss\ADDITIONAL_LICENSE_INFO; size: 49 bytes; exists: false
       Install file: D:\Applications\Liquibase\liquibase\jre\legal\java.security.jgss\ASSEMBLY_EXCEPTION; size: 44 bytes; exists: false
       Install file: D:\Applications\Liquibase\liquibase\jre\legal\java.security.jgss\LICENSE; size: 33 bytes; exists: false
       Install file: D:\Applications\Liquibase\liquibase\jre\legal\java.security.sasl\ADDITIONAL_LICENSE_INFO; size: 49 bytes; exists: false
       Install file: D:\Applications\Liquibase\liquibase\jre\legal\java.security.sasl\ASSEMBLY_EXCEPTION; size: 44 bytes; exists: false
       Install file: D:\Applications\Liquibase\liquibase\jre\legal\java.security.sasl\LICENSE; size: 33 bytes; exists: false
       Install file: D:\Applications\Liquibase\liquibase\jre\legal\java.smartcardio\ADDITIONAL_LICENSE_INFO; size: 49 bytes; exists: false
       Install file: D:\Applications\Liquibase\liquibase\jre\legal\java.smartcardio\ASSEMBLY_EXCEPTION; size: 44 bytes; exists: false
       Install file: D:\Applications\Liquibase\liquibase\jre\legal\java.smartcardio\LICENSE; size: 33 bytes; exists: false
       Install file: D:\Applications\Liquibase\liquibase\jre\legal\java.sql\ADDITIONAL_LICENSE_INFO; size: 49 bytes; exists: false
       Install file: D:\Applications\Liquibase\liquibase\jre\legal\java.sql\ASSEMBLY_EXCEPTION; size: 44 bytes; exists: false
       Install file: D:\Applications\Liquibase\liquibase\jre\legal\java.sql\LICENSE; size: 33 bytes; exists: false
       Install file: D:\Applications\Liquibase\liquibase\jre\legal\java.sql.rowset\ADDITIONAL_LICENSE_INFO; size: 49 bytes; exists: false
       Install file: D:\Applications\Liquibase\liquibase\jre\legal\java.sql.rowset\ASSEMBLY_EXCEPTION; size: 44 bytes; exists: false
       Install file: D:\Applications\Liquibase\liquibase\jre\legal\java.sql.rowset\LICENSE; size: 33 bytes; exists: false
       Install file: D:\Applications\Liquibase\liquibase\jre\legal\java.transaction.xa\ADDITIONAL_LICENSE_INFO; size: 49 bytes; exists: false
       Install file: D:\Applications\Liquibase\liquibase\jre\legal\java.transaction.xa\ASSEMBLY_EXCEPTION; size: 44 bytes; exists: false
       Install file: D:\Applications\Liquibase\liquibase\jre\legal\java.transaction.xa\LICENSE; size: 33 bytes; exists: false
       Install file: D:\Applications\Liquibase\liquibase\jre\legal\java.xml\ADDITIONAL_LICENSE_INFO; size: 49 bytes; exists: false
       Install file: D:\Applications\Liquibase\liquibase\jre\legal\java.xml\ASSEMBLY_EXCEPTION; size: 44 bytes; exists: false
       Install file: D:\Applications\Liquibase\liquibase\jre\legal\java.xml\bcel.md; size: 11503 bytes; exists: false
       Install file: D:\Applications\Liquibase\liquibase\jre\legal\java.xml\dom.md; size: 3028 bytes; exists: false
       Install file: D:\Applications\Liquibase\liquibase\jre\legal\java.xml\jcup.md; size: 1158 bytes; exists: false
       Install file: D:\Applications\Liquibase\liquibase\jre\legal\java.xml\LICENSE; size: 33 bytes; exists: false
       Install file: D:\Applications\Liquibase\liquibase\jre\legal\java.xml\xalan.md; size: 13494 bytes; exists: false
       Install file: D:\Applications\Liquibase\liquibase\jre\legal\java.xml\xerces.md; size: 11852 bytes; exists: false
       Install file: D:\Applications\Liquibase\liquibase\jre\legal\java.xml.crypto\ADDITIONAL_LICENSE_INFO; size: 49 bytes; exists: false
       Install file: D:\Applications\Liquibase\liquibase\jre\legal\java.xml.crypto\ASSEMBLY_EXCEPTION; size: 44 bytes; exists: false
       Install file: D:\Applications\Liquibase\liquibase\jre\legal\java.xml.crypto\LICENSE; size: 33 bytes; exists: false
       Install file: D:\Applications\Liquibase\liquibase\jre\legal\java.xml.crypto\santuario.md; size: 11436 bytes; exists: false
       Install file: D:\Applications\Liquibase\liquibase\jre\legal\jdk.accessibility\ADDITIONAL_LICENSE_INFO; size: 49 bytes; exists: false
       Install file: D:\Applications\Liquibase\liquibase\jre\legal\jdk.accessibility\ASSEMBLY_EXCEPTION; size: 44 bytes; exists: false
       Install file: D:\Applications\Liquibase\liquibase\jre\legal\jdk.accessibility\LICENSE; size: 33 bytes; exists: false
       Install file: D:\Applications\Liquibase\liquibase\jre\legal\jdk.aot\ADDITIONAL_LICENSE_INFO; size: 49 bytes; exists: false
       Install file: D:\Applications\Liquibase\liquibase\jre\legal\jdk.aot\ASSEMBLY_EXCEPTION; size: 44 bytes; exists: false
       Install file: D:\Applications\Liquibase\liquibase\jre\legal\jdk.aot\LICENSE; size: 33 bytes; exists: false
       Install file: D:\Applications\Liquibase\liquibase\jre\legal\jdk.charsets\ADDITIONAL_LICENSE_INFO; size: 49 bytes; exists: false
       Install file: D:\Applications\Liquibase\liquibase\jre\legal\jdk.charsets\ASSEMBLY_EXCEPTION; size: 44 bytes; exists: false
       Install file: D:\Applications\Liquibase\liquibase\jre\legal\jdk.charsets\LICENSE; size: 33 bytes; exists: false
       Install file: D:\Applications\Liquibase\liquibase\jre\legal\jdk.crypto.cryptoki\ADDITIONAL_LICENSE_INFO; size: 49 bytes; exists: false
       Install file: D:\Applications\Liquibase\liquibase\jre\legal\jdk.crypto.cryptoki\ASSEMBLY_EXCEPTION; size: 44 bytes; exists: false
       Install file: D:\Applications\Liquibase\liquibase\jre\legal\jdk.crypto.cryptoki\LICENSE; size: 33 bytes; exists: false
       Install file: D:\Applications\Liquibase\liquibase\jre\legal\jdk.crypto.cryptoki\pkcs11cryptotoken.md; size: 1858 bytes; exists: false
       Install file: D:\Applications\Liquibase\liquibase\jre\legal\jdk.crypto.cryptoki\pkcs11wrapper.md; size: 2131 bytes; exists: false
       Install file: D:\Applications\Liquibase\liquibase\jre\legal\jdk.crypto.ec\ADDITIONAL_LICENSE_INFO; size: 49 bytes; exists: false
       Install file: D:\Applications\Liquibase\liquibase\jre\legal\jdk.crypto.ec\ASSEMBLY_EXCEPTION; size: 44 bytes; exists: false
       Install file: D:\Applications\Liquibase\liquibase\jre\legal\jdk.crypto.ec\ecc.md; size: 29220 bytes; exists: false
       Install file: D:\Applications\Liquibase\liquibase\jre\legal\jdk.crypto.ec\LICENSE; size: 33 bytes; exists: false
       Install file: D:\Applications\Liquibase\liquibase\jre\legal\jdk.crypto.mscapi\ADDITIONAL_LICENSE_INFO; size: 49 bytes; exists: false
       Install file: D:\Applications\Liquibase\liquibase\jre\legal\jdk.crypto.mscapi\ASSEMBLY_EXCEPTION; size: 44 bytes; exists: false
       Install file: D:\Applications\Liquibase\liquibase\jre\legal\jdk.crypto.mscapi\LICENSE; size: 33 bytes; exists: false
       Install file: D:\Applications\Liquibase\liquibase\jre\legal\jdk.dynalink\ADDITIONAL_LICENSE_INFO; size: 49 bytes; exists: false
       Install file: D:\Applications\Liquibase\liquibase\jre\legal\jdk.dynalink\ASSEMBLY_EXCEPTION; size: 44 bytes; exists: false
       Install file: D:\Applications\Liquibase\liquibase\jre\legal\jdk.dynalink\dynalink.md; size: 1502 bytes; exists: false
       Install file: D:\Applications\Liquibase\liquibase\jre\legal\jdk.dynalink\LICENSE; size: 33 bytes; exists: false
       Install file: D:\Applications\Liquibase\liquibase\jre\legal\jdk.httpserver\ADDITIONAL_LICENSE_INFO; size: 49 bytes; exists: false
       Install file: D:\Applications\Liquibase\liquibase\jre\legal\jdk.httpserver\ASSEMBLY_EXCEPTION; size: 44 bytes; exists: false
       Install file: D:\Applications\Liquibase\liquibase\jre\legal\jdk.httpserver\LICENSE; size: 33 bytes; exists: false
       Install file: D:\Applications\Liquibase\liquibase\jre\legal\jdk.internal.ed\ADDITIONAL_LICENSE_INFO; size: 49 bytes; exists: false
       Install file: D:\Applications\Liquibase\liquibase\jre\legal\jdk.internal.ed\ASSEMBLY_EXCEPTION; size: 44 bytes; exists: false
       Install file: D:\Applications\Liquibase\liquibase\jre\legal\jdk.internal.ed\LICENSE; size: 33 bytes; exists: false
       Install file: D:\Applications\Liquibase\liquibase\jre\legal\jdk.internal.le\ADDITIONAL_LICENSE_INFO; size: 49 bytes; exists: false
       Install file: D:\Applications\Liquibase\liquibase\jre\legal\jdk.internal.le\ASSEMBLY_EXCEPTION; size: 44 bytes; exists: false
       Install file: D:\Applications\Liquibase\liquibase\jre\legal\jdk.internal.le\jline.md; size: 1579 bytes; exists: false
       Install file: D:\Applications\Liquibase\liquibase\jre\legal\jdk.internal.le\LICENSE; size: 33 bytes; exists: false
       Install file: D:\Applications\Liquibase\liquibase\jre\legal\jdk.internal.vm.ci\ADDITIONAL_LICENSE_INFO; size: 49 bytes; exists: false
       Install file: D:\Applications\Liquibase\liquibase\jre\legal\jdk.internal.vm.ci\ASSEMBLY_EXCEPTION; size: 44 bytes; exists: false
       Install file: D:\Applications\Liquibase\liquibase\jre\legal\jdk.internal.vm.ci\LICENSE; size: 33 bytes; exists: false
       Install file: D:\Applications\Liquibase\liquibase\jre\legal\jdk.internal.vm.compiler\ADDITIONAL_LICENSE_INFO; size: 49 bytes; exists: false
       Install file: D:\Applications\Liquibase\liquibase\jre\legal\jdk.internal.vm.compiler\ASSEMBLY_EXCEPTION; size: 44 bytes; exists: false
       Install file: D:\Applications\Liquibase\liquibase\jre\legal\jdk.internal.vm.compiler\LICENSE; size: 33 bytes; exists: false
       Install file: D:\Applications\Liquibase\liquibase\jre\legal\jdk.internal.vm.compiler.management\ADDITIONAL_LICENSE_INFO; size: 49 bytes; exists: false
       Install file: D:\Applications\Liquibase\liquibase\jre\legal\jdk.internal.vm.compiler.management\ASSEMBLY_EXCEPTION; size: 44 bytes; exists: false
       Install file: D:\Applications\Liquibase\liquibase\jre\legal\jdk.internal.vm.compiler.management\LICENSE; size: 33 bytes; exists: false
       Install file: D:\Applications\Liquibase\liquibase\jre\legal\jdk.jdwp.agent\ADDITIONAL_LICENSE_INFO; size: 49 bytes; exists: false
       Install file: D:\Applications\Liquibase\liquibase\jre\legal\jdk.jdwp.agent\ASSEMBLY_EXCEPTION; size: 44 bytes; exists: false
       Install file: D:\Applications\Liquibase\liquibase\jre\legal\jdk.jdwp.agent\LICENSE; size: 33 bytes; exists: false
       Install file: D:\Applications\Liquibase\liquibase\jre\legal\jdk.jfr\ADDITIONAL_LICENSE_INFO; size: 49 bytes; exists: false
       Install file: D:\Applications\Liquibase\liquibase\jre\legal\jdk.jfr\ASSEMBLY_EXCEPTION; size: 44 bytes; exists: false
       Install file: D:\Applications\Liquibase\liquibase\jre\legal\jdk.jfr\LICENSE; size: 33 bytes; exists: false
       Install file: D:\Applications\Liquibase\liquibase\jre\legal\jdk.jsobject\ADDITIONAL_LICENSE_INFO; size: 49 bytes; exists: false
       Install file: D:\Applications\Liquibase\liquibase\jre\legal\jdk.jsobject\ASSEMBLY_EXCEPTION; size: 44 bytes; exists: false
       Install file: D:\Applications\Liquibase\liquibase\jre\legal\jdk.jsobject\LICENSE; size: 33 bytes; exists: false
       Install file: D:\Applications\Liquibase\liquibase\jre\legal\jdk.localedata\ADDITIONAL_LICENSE_INFO; size: 49 bytes; exists: false
       Install file: D:\Applications\Liquibase\liquibase\jre\legal\jdk.localedata\ASSEMBLY_EXCEPTION; size: 44 bytes; exists: false
       Install file: D:\Applications\Liquibase\liquibase\jre\legal\jdk.localedata\cldr.md; size: 33 bytes; exists: false
       Install file: D:\Applications\Liquibase\liquibase\jre\legal\jdk.localedata\LICENSE; size: 33 bytes; exists: false
       Install file: D:\Applications\Liquibase\liquibase\jre\legal\jdk.localedata\thaidict.md; size: 1346 bytes; exists: false
       Install file: D:\Applications\Liquibase\liquibase\jre\legal\jdk.management\ADDITIONAL_LICENSE_INFO; size: 49 bytes; exists: false
       Install file: D:\Applications\Liquibase\liquibase\jre\legal\jdk.management\ASSEMBLY_EXCEPTION; size: 44 bytes; exists: false
       Install file: D:\Applications\Liquibase\liquibase\jre\legal\jdk.management\LICENSE; size: 33 bytes; exists: false
       Install file: D:\Applications\Liquibase\liquibase\jre\legal\jdk.management.agent\ADDITIONAL_LICENSE_INFO; size: 49 bytes; exists: false
       Install file: D:\Applications\Liquibase\liquibase\jre\legal\jdk.management.agent\ASSEMBLY_EXCEPTION; size: 44 bytes; exists: false
       Install file: D:\Applications\Liquibase\liquibase\jre\legal\jdk.management.agent\LICENSE; size: 33 bytes; exists: false
       Install file: D:\Applications\Liquibase\liquibase\jre\legal\jdk.management.jfr\ADDITIONAL_LICENSE_INFO; size: 49 bytes; exists: false
       Install file: D:\Applications\Liquibase\liquibase\jre\legal\jdk.management.jfr\ASSEMBLY_EXCEPTION; size: 44 bytes; exists: false
       Install file: D:\Applications\Liquibase\liquibase\jre\legal\jdk.management.jfr\LICENSE; size: 33 bytes; exists: false
       Install file: D:\Applications\Liquibase\liquibase\jre\legal\jdk.naming.dns\ADDITIONAL_LICENSE_INFO; size: 49 bytes; exists: false
       Install file: D:\Applications\Liquibase\liquibase\jre\legal\jdk.naming.dns\ASSEMBLY_EXCEPTION; size: 44 bytes; exists: false
       Install file: D:\Applications\Liquibase\liquibase\jre\legal\jdk.naming.dns\LICENSE; size: 33 bytes; exists: false
       Install file: D:\Applications\Liquibase\liquibase\jre\legal\jdk.naming.ldap\ADDITIONAL_LICENSE_INFO; size: 49 bytes; exists: false
       Install file: D:\Applications\Liquibase\liquibase\jre\legal\jdk.naming.ldap\ASSEMBLY_EXCEPTION; size: 44 bytes; exists: false
       Install file: D:\Applications\Liquibase\liquibase\jre\legal\jdk.naming.ldap\LICENSE; size: 33 bytes; exists: false
       Install file: D:\Applications\Liquibase\liquibase\jre\legal\jdk.naming.rmi\ADDITIONAL_LICENSE_INFO; size: 49 bytes; exists: false
       Install file: D:\Applications\Liquibase\liquibase\jre\legal\jdk.naming.rmi\ASSEMBLY_EXCEPTION; size: 44 bytes; exists: false
       Install file: D:\Applications\Liquibase\liquibase\jre\legal\jdk.naming.rmi\LICENSE; size: 33 bytes; exists: false
       Install file: D:\Applications\Liquibase\liquibase\jre\legal\jdk.net\ADDITIONAL_LICENSE_INFO; size: 49 bytes; exists: false
       Install file: D:\Applications\Liquibase\liquibase\jre\legal\jdk.net\ASSEMBLY_EXCEPTION; size: 44 bytes; exists: false
       Install file: D:\Applications\Liquibase\liquibase\jre\legal\jdk.net\LICENSE; size: 33 bytes; exists: false
       Install file: D:\Applications\Liquibase\liquibase\jre\legal\jdk.pack\ADDITIONAL_LICENSE_INFO; size: 49 bytes; exists: false
       Install file: D:\Applications\Liquibase\liquibase\jre\legal\jdk.pack\ASSEMBLY_EXCEPTION; size: 44 bytes; exists: false
       Install file: D:\Applications\Liquibase\liquibase\jre\legal\jdk.pack\LICENSE; size: 33 bytes; exists: false
       Install file: D:\Applications\Liquibase\liquibase\jre\legal\jdk.scripting.nashorn\ADDITIONAL_LICENSE_INFO; size: 49 bytes; exists: false
       Install file: D:\Applications\Liquibase\liquibase\jre\legal\jdk.scripting.nashorn\ASSEMBLY_EXCEPTION; size: 44 bytes; exists: false
       Install file: D:\Applications\Liquibase\liquibase\jre\legal\jdk.scripting.nashorn\double-conversion.md; size: 1641 bytes; exists: false
       Install file: D:\Applications\Liquibase\liquibase\jre\legal\jdk.scripting.nashorn\joni.md; size: 1108 bytes; exists: false
       Install file: D:\Applications\Liquibase\liquibase\jre\legal\jdk.scripting.nashorn\LICENSE; size: 33 bytes; exists: false
       Install file: D:\Applications\Liquibase\liquibase\jre\legal\jdk.scripting.nashorn.shell\ADDITIONAL_LICENSE_INFO; size: 49 bytes; exists: false
       Install file: D:\Applications\Liquibase\liquibase\jre\legal\jdk.scripting.nashorn.shell\ASSEMBLY_EXCEPTION; size: 44 bytes; exists: false
       Install file: D:\Applications\Liquibase\liquibase\jre\legal\jdk.scripting.nashorn.shell\LICENSE; size: 33 bytes; exists: false
       Install file: D:\Applications\Liquibase\liquibase\jre\legal\jdk.sctp\ADDITIONAL_LICENSE_INFO; size: 49 bytes; exists: false
       Install file: D:\Applications\Liquibase\liquibase\jre\legal\jdk.sctp\ASSEMBLY_EXCEPTION; size: 44 bytes; exists: false
       Install file: D:\Applications\Liquibase\liquibase\jre\legal\jdk.sctp\LICENSE; size: 33 bytes; exists: false
       Install file: D:\Applications\Liquibase\liquibase\jre\legal\jdk.security.auth\ADDITIONAL_LICENSE_INFO; size: 49 bytes; exists: false
       Install file: D:\Applications\Liquibase\liquibase\jre\legal\jdk.security.auth\ASSEMBLY_EXCEPTION; size: 44 bytes; exists: false
       Install file: D:\Applications\Liquibase\liquibase\jre\legal\jdk.security.auth\LICENSE; size: 33 bytes; exists: false
       Install file: D:\Applications\Liquibase\liquibase\jre\legal\jdk.security.jgss\ADDITIONAL_LICENSE_INFO; size: 49 bytes; exists: false
       Install file: D:\Applications\Liquibase\liquibase\jre\legal\jdk.security.jgss\ASSEMBLY_EXCEPTION; size: 44 bytes; exists: false
       Install file: D:\Applications\Liquibase\liquibase\jre\legal\jdk.security.jgss\LICENSE; size: 33 bytes; exists: false
       Install file: D:\Applications\Liquibase\liquibase\jre\legal\jdk.unsupported\ADDITIONAL_LICENSE_INFO; size: 49 bytes; exists: false
       Install file: D:\Applications\Liquibase\liquibase\jre\legal\jdk.unsupported\ASSEMBLY_EXCEPTION; size: 44 bytes; exists: false
       Install file: D:\Applications\Liquibase\liquibase\jre\legal\jdk.unsupported\LICENSE; size: 33 bytes; exists: false
       Install file: D:\Applications\Liquibase\liquibase\jre\legal\jdk.xml.dom\ADDITIONAL_LICENSE_INFO; size: 49 bytes; exists: false
       Install file: D:\Applications\Liquibase\liquibase\jre\legal\jdk.xml.dom\ASSEMBLY_EXCEPTION; size: 44 bytes; exists: false
       Install file: D:\Applications\Liquibase\liquibase\jre\legal\jdk.xml.dom\LICENSE; size: 33 bytes; exists: false
       Install file: D:\Applications\Liquibase\liquibase\jre\legal\jdk.zipfs\ADDITIONAL_LICENSE_INFO; size: 49 bytes; exists: false
       Install file: D:\Applications\Liquibase\liquibase\jre\legal\jdk.zipfs\ASSEMBLY_EXCEPTION; size: 44 bytes; exists: false
       Install file: D:\Applications\Liquibase\liquibase\jre\legal\jdk.zipfs\LICENSE; size: 33 bytes; exists: false
       Install file: D:\Applications\Liquibase\liquibase\jre\lib\classlist; size: 40935 bytes; exists: false
       Install file: D:\Applications\Liquibase\liquibase\jre\lib\client\Xusage.txt; size: 1322 bytes; exists: false
       Install file: D:\Applications\Liquibase\liquibase\jre\lib\fontconfig.bfc; size: 4630 bytes; exists: false
       Install file: D:\Applications\Liquibase\liquibase\jre\lib\fontconfig.properties.src; size: 12345 bytes; exists: false
       Install file: D:\Applications\Liquibase\liquibase\jre\lib\jawt.lib; size: 1682 bytes; exists: false
       Install file: D:\Applications\Liquibase\liquibase\jre\lib\jfr\default.jfc; size: 30451 bytes; exists: false
       Install file: D:\Applications\Liquibase\liquibase\jre\lib\jfr\profile.jfc; size: 30409 bytes; exists: false
       Install file: D:\Applications\Liquibase\liquibase\jre\lib\jrt-fs.jar; size: 106676 bytes; exists: false
       Install file: D:\Applications\Liquibase\liquibase\jre\lib\jvm.cfg; size: 28 bytes; exists: false
       Install file: D:\Applications\Liquibase\liquibase\jre\lib\jvm.lib; size: 1006080 bytes; exists: false
       Install file: D:\Applications\Liquibase\liquibase\jre\lib\modules; size: 93988263 bytes; exists: false
       Install file: D:\Applications\Liquibase\liquibase\jre\lib\psfont.properties.ja; size: 3793 bytes; exists: false
       Install file: D:\Applications\Liquibase\liquibase\jre\lib\psfontj2d.properties; size: 11390 bytes; exists: false
       Install file: D:\Applications\Liquibase\liquibase\jre\lib\security\blacklisted.certs; size: 2527 bytes; exists: false
       Install file: D:\Applications\Liquibase\liquibase\jre\lib\security\cacerts; size: 168413 bytes; exists: false
       Install file: D:\Applications\Liquibase\liquibase\jre\lib\security\default.policy; size: 10124 bytes; exists: false
       Install file: D:\Applications\Liquibase\liquibase\jre\lib\security\public_suffix_list.dat; size: 234478 bytes; exists: false
       Install file: D:\Applications\Liquibase\liquibase\jre\lib\server\Xusage.txt; size: 1322 bytes; exists: false
       Install file: D:\Applications\Liquibase\liquibase\jre\lib\tzdb.dat; size: 107853 bytes; exists: false
       Install file: D:\Applications\Liquibase\liquibase\jre\lib\tzmappings; size: 9577 bytes; exists: false
       Install file: D:\Applications\Liquibase\liquibase\jre\release; size: 1463 bytes; exists: false
       Install file: D:\Applications\Liquibase\liquibase\.install4j\i4jdel.exe; size: 91168 bytes; exists: false
       File options set to: [fileTime: Fri Apr 30 02:36:10 SGT 2021, mode: 644, overwriteMode: Always, shared: false, uninstallMode: If created, delayIfNecessary: false]
       Install file: D:\Applications\Liquibase\liquibase\.install4j\i4jinst.dll; size: 179096 bytes; exists: false
       Install file: D:\Applications\Liquibase\liquibase\ABOUT.txt; size: 48 bytes; exists: false
       File options set to: [fileTime: Fri Apr 30 02:36:10 SGT 2021, mode: 644, overwriteMode: Always ask except for update, shared: false, uninstallMode: If created, delayIfNecessary: false]
       Install file: D:\Applications\Liquibase\liquibase\GETTING_STARTED.txt; size: 10583 bytes; exists: false
       File options set to: [fileTime: Fri Apr 30 02:36:10 SGT 2021, mode: 755, overwriteMode: Always ask except for update, shared: false, uninstallMode: If created, delayIfNecessary: false]
       Install file: D:\Applications\Liquibase\liquibase\LICENSE.txt; size: 11358 bytes; exists: false
       File options set to: [fileTime: Fri Apr 30 02:36:10 SGT 2021, mode: 644, overwriteMode: Always ask except for update, shared: false, uninstallMode: If created, delayIfNecessary: false]
       Install file: D:\Applications\Liquibase\liquibase\README.txt; size: 2829 bytes; exists: false
       Install file: D:\Applications\Liquibase\liquibase\UNINSTALL.txt; size: 908 bytes; exists: false
       Install file: D:\Applications\Liquibase\liquibase\changelog.txt; size: 121778 bytes; exists: false
       Install file: D:\Applications\Liquibase\liquibase\examples\sql\blankchangelog.h2.sql; size: 218 bytes; exists: false
       Install file: D:\Applications\Liquibase\liquibase\examples\sql\liquibase.properties; size: 2932 bytes; exists: false
       Install file: D:\Applications\Liquibase\liquibase\examples\sql\samplechangelog.h2.sql; size: 456 bytes; exists: false
       Install file: D:\Applications\Liquibase\liquibase\examples\start-h2; size: 1168 bytes; exists: false
       File options set to: [fileTime: Fri Apr 30 02:36:10 SGT 2021, mode: 755, overwriteMode: Always ask except for update, shared: false, uninstallMode: If created, delayIfNecessary: false]
       Install file: D:\Applications\Liquibase\liquibase\examples\start-h2.bat; size: 916 bytes; exists: false
       File options set to: [fileTime: Fri Apr 30 02:36:10 SGT 2021, mode: 644, overwriteMode: Always ask except for update, shared: false, uninstallMode: If created, delayIfNecessary: false]
       Install file: D:\Applications\Liquibase\liquibase\examples\xml\blank.changelog.xml; size: 796 bytes; exists: false
       Install file: D:\Applications\Liquibase\liquibase\examples\xml\liquibase.properties; size: 2930 bytes; exists: false
       Install file: D:\Applications\Liquibase\liquibase\examples\xml\liquibase.sqlplus.conf; size: 1481 bytes; exists: false
       Install file: D:\Applications\Liquibase\liquibase\examples\xml\sample.changelog.xml; size: 1723 bytes; exists: false
       Install file: D:\Applications\Liquibase\liquibase\lib\commons-cli-1.4.jar; size: 53820 bytes; exists: false
       Install file: D:\Applications\Liquibase\liquibase\lib\h2-1.4.200.jar; size: 2303679 bytes; exists: false
       Install file: D:\Applications\Liquibase\liquibase\lib\jaxb-api-2.3.0.jar; size: 125632 bytes; exists: false
       Install file: D:\Applications\Liquibase\liquibase\lib\jaxb-core-2.3.0.jar; size: 255502 bytes; exists: false
       Install file: D:\Applications\Liquibase\liquibase\lib\jaxb-impl-2.3.0.jar; size: 963660 bytes; exists: false
       Install file: D:\Applications\Liquibase\liquibase\lib\liquibase_autocomplete.sh; size: 3225 bytes; exists: false
       Install file: D:\Applications\Liquibase\liquibase\lib\liquibase_autocomplete_mac.bash; size: 2578 bytes; exists: false
       Install file: D:\Applications\Liquibase\liquibase\lib\snakeyaml-1.27.jar; size: 310104 bytes; exists: false
       Install file: D:\Applications\Liquibase\liquibase\licenses\Liquibase Pro EULA Software License Subscription and Support Agreement.txt; size: 11518 bytes; exists: false
       Install file: D:\Applications\Liquibase\liquibase\licenses\README.txt; size: 2768 bytes; exists: false
       Install file: D:\Applications\Liquibase\liquibase\licenses\apache-2.0.txt; size: 9115 bytes; exists: false
       Install file: D:\Applications\Liquibase\liquibase\licenses\bsd-2-clause.txt; size: 1262 bytes; exists: false
       Install file: D:\Applications\Liquibase\liquibase\licenses\cddl1.txt; size: 16375 bytes; exists: false
       Install file: D:\Applications\Liquibase\liquibase\licenses\cpl-1.0.txt; size: 11576 bytes; exists: false
       Install file: D:\Applications\Liquibase\liquibase\licenses\epl-1.0.txt; size: 7377 bytes; exists: false
       Install file: D:\Applications\Liquibase\liquibase\licenses\isc.txt; size: 697 bytes; exists: false
       Install file: D:\Applications\Liquibase\liquibase\licenses\lgpl-3.0.txt; size: 25355 bytes; exists: false
       Install file: D:\Applications\Liquibase\liquibase\licenses\mit.txt; size: 1024 bytes; exists: false
       Install file: D:\Applications\Liquibase\liquibase\licenses\plexus.txt; size: 1913 bytes; exists: false
       Install file: D:\Applications\Liquibase\liquibase\liquibase; size: 1844 bytes; exists: false
       File options set to: [fileTime: Fri Apr 30 02:36:10 SGT 2021, mode: 755, overwriteMode: Always ask except for update, shared: false, uninstallMode: If created, delayIfNecessary: false]
       Install file: D:\Applications\Liquibase\liquibase\liquibase.bat; size: 1021 bytes; exists: false
       File options set to: [fileTime: Fri Apr 30 02:36:10 SGT 2021, mode: 644, overwriteMode: Always ask except for update, shared: false, uninstallMode: If created, delayIfNecessary: false]
       Install file: D:\Applications\Liquibase\liquibase\liquibase.jar; size: 3384456 bytes; exists: false
       Install file: D:\Applications\Liquibase\liquibase\uninstall.exe; size: 744368 bytes; exists: false
       File options set to: [fileTime: Fri Apr 30 02:36:10 SGT 2021, mode: 700, overwriteMode: If newer otherwise ask, shared: false, uninstallMode: If created, delayIfNecessary: false]
       Install file: D:\Applications\Liquibase\liquibase\.install4j\inst_jre.cfg; size: 68 bytes; exists: false
       File options set to: [fileTime: Sat Jun 05 11:29:59 SGT 2021, mode: 644, overwriteMode: Always, shared: false, uninstallMode: If created, delayIfNecessary: false]
       Install file: D:\Applications\Liquibase\liquibase\.install4j\pref_jre.cfg; size: 41 bytes; exists: false
       File options set to: [fileTime: Sat Jun 05 11:29:59 SGT 2021, mode: 644, overwriteMode: Always, shared: false, uninstallMode: If created, delayIfNecessary: false]
       Install file: D:\Applications\Liquibase\liquibase\.install4j\i4jruntime.jar; size: 1924936 bytes; exists: false
       File options set to: [fileTime: Sat Jun 05 11:29:59 SGT 2021, mode: 644, overwriteMode: Always, shared: false, uninstallMode: Always, delayIfNecessary: false]
       Install file: D:\Applications\Liquibase\liquibase\.install4j\MessagesDefault; size: 34423 bytes; exists: false
       Install file: D:\Applications\Liquibase\liquibase\.install4j\i4jparams.conf; size: 54405 bytes; exists: false
       Install file: D:\Applications\Liquibase\liquibase\.install4j\stats.properties; size: 458 bytes; exists: false
       Install file: D:\Applications\Liquibase\liquibase\.install4j\user.jar; size: 11045 bytes; exists: false
       Install file: D:\Applications\Liquibase\liquibase\.install4j\i4j_extf_0_11stg7i.utf8; size: 34423 bytes; exists: false
       Install file: D:\Applications\Liquibase\liquibase\.install4j\i4j_extf_1_11stg7i.properties; size: 152 bytes; exists: false
       Install file: D:\Applications\Liquibase\liquibase\.install4j\i4j_extf_2_11stg7i_18gg8kx.png; size: 9202 bytes; exists: false
       Install file: D:\Applications\Liquibase\liquibase\.install4j\i4j_extf_2_11stg7i_18gg8kx@2x.png; size: 15419 bytes; exists: false
       Install file: D:\Applications\Liquibase\liquibase\.install4j\installer.ico; size: 15749 bytes; exists: false
       Execute action successful after 3354 ms
[INFO] com.install4j.runtime.beans.actions.desktop.CreateProgramGroupAction [ID 18]: Execute action
       Property categories: Application
       Property linkDirectory: 
       Property programGroupEntryConfigs: []
       Property programGroupName: 
       Property uninstallerMenuName: Liquibase Uninstaller
       Property addDefaultLauncherLinks: true
       Property addUninstaller: false
       Property allUsers: true
       Property failForSymlinksNotCreated: false
       Property rollbackSupported: true
       Property unixMenuEntries: true
       Property unixSymlinks: true
       Variable changed: sys.programGroupName=Liquibase[class java.lang.String]
       Variable changed: sys.symlinkDir=/usr/local/bin[class java.lang.String]
       Install file: C:\ProgramData\Microsoft\Windows\Start Menu\Programs\Liquibase\Liquibase Home Directory.lnk; size: 734 bytes; exists: false
       File options set to: [fileTime: Sat Jun 05 11:29:59 SGT 2021, mode: 644, overwriteMode: Always, shared: false, uninstallMode: Always, delayIfNecessary: false]
       Install file: C:\ProgramData\Microsoft\Windows\Start Menu\Programs\Liquibase\Liquibase Getting Started.lnk; size: 876 bytes; exists: false
       File options set to: [fileTime: Sat Jun 05 11:29:59 SGT 2021, mode: 644, overwriteMode: Always, shared: false, uninstallMode: Always, delayIfNecessary: false]
       Execute action successful after 254 ms
[INFO] com.install4j.runtime.beans.actions.desktop.RegisterAddRemoveAction [ID 19]: Execute action
       Property icon: null
       Property iconSource: Installer icon
       Property itemName: Liquibase 4.3.5
       Property persistentProperties: {}
       Property rollbackSupported: true
       Execute action successful after 30 ms
[INFO] com.install4j.runtime.beans.actions.misc.ModifyEnvironmentVariableAction [ID 61]: Execute action
       Property persistentProperties: {}
       Property type: Append
       Property value: D:\Applications\Liquibase\liquibase
       Property variableName: PATH
       Property revertOnUninstallation: false
       Property revertOnlyIfNotModified: false
       Property rollbackSupported: true
       Property userSpecific: true
       Execute action successful after 194 ms
[INFO] com.install4j.runtime.beans.screens.InstallationScreen [ID 15]: Rollback barrier reached
       command: move 1 screens, executing actions, checking condition
[INFO] com.install4j.runtime.beans.screens.FinishedScreen [ID 20]: Show screen
       Variable changed: liquibase.openInstallDirectory=true[class java.lang.Boolean]
[INFO] com.install4j.runtime.beans.actions.control.RunScriptAction [ID 336]: Execute action
       Property rollbackScript: null
       Property script: com.install4j.script.I4jScript_Internal_10
       Property rollbackSupported: false
       Execute action successful after 14 ms
[INFO] com.install4j.runtime.beans.screens.FinishedScreen [ID 20]: command: finish
       cleaning up
       Finished
